# TEST CONFIGURATION BEGIN
# ConceptDriftStream(alpha=0.0, drift_stream=RegressionGenerator(n_features=10, n_informative=10, n_samples=500000, n_targets=1, random_state=4), position=450000, random_state=None, stream=ConceptDriftStream(alpha=0.0, drift_stream=RegressionGenerator(n_features=10, n_informative=10, n_samples=500000, n_targets=1, random_state=3), position=400000, random_state=None... stream=ConceptDriftStream(alpha=0.0, drift_stream=RegressionGenerator(n_features=10, n_informative=10, n_samples=500000, n_targets=1, random_state=2), position=50000, random_state=None, stream=RegressionGenerator(n_features=10, n_informative=10, n_samples=500000, n_targets=1, random_state=1), width=1), width=1), width=1), width=1), width=1), width=1), width=1), width=1), width=1)
# [AXGBRegR] AdaptiveSemiRegressorJULIA(learning_rate=0.3, max_buffer=None, max_depth=6, max_window_size=1000, min_window_size=1, pre_train=None, ratio_unsampled=None, small_window_size=None)
# EvaluatePrequential(batch_size=1, data_points_for_classification=False, max_samples=500000, max_time=inf, metrics=['mean_square_error', 'running_time'], n_wait=200, output_file='exec_AXGBRegR_abrupto3.out', pretrain_size=0, restart_stream=True, show_plot=False)
# TEST CONFIGURATION END
id,mean_mse_[AXGBRegR],current_mse_[AXGBRegR],training_time_[AXGBRegR],testing_time_[AXGBRegR],total_running_time_[AXGBRegR]
199,15800.573508,15800.573508,0.020232,0.050289,0.070521
399,13660.050428,11519.527348,0.024699,0.107375,0.132074
599,12774.281965,11002.745038,0.028292,0.147980,0.176272
799,11652.487429,8287.103822,0.029703,0.191821,0.221524
999,11023.007642,8505.088493,0.031226,0.227638,0.258864
1199,10320.564717,6808.350093,0.046142,0.293846,0.339988
1399,9778.235343,6524.259099,0.047812,0.354828,0.402640
1599,9547.115465,7929.276319,0.049263,0.414016,0.463279
1799,9358.014126,7845.203409,0.050863,0.453211,0.504074
1999,9146.864857,7246.521439,0.052715,0.486619,0.539333
2199,8788.276262,5202.390316,0.060177,0.526479,0.586656
2399,8512.867211,5483.367650,0.061753,0.569709,0.631462
2599,8246.842787,5054.549701,0.063674,0.614703,0.678376
2799,8122.678558,6508.543572,0.065208,0.643035,0.708243
2999,8024.799771,6654.496759,0.066906,0.690052,0.756958
3199,7805.629682,4518.078343,0.075938,0.725382,0.801320
3399,7651.122892,5179.014247,0.077360,0.760220,0.837580
3599,7572.437540,6234.786572,0.079071,0.804051,0.883122
3799,7417.161318,4622.189308,0.080658,0.834528,0.915186
3999,7293.982969,4953.594344,0.082333,0.865769,0.948102
4199,7175.138798,4798.255380,0.091844,0.896941,0.988785
4399,7041.286359,4230.385139,0.093284,0.934104,1.027388
4599,6939.151929,4692.194473,0.094918,0.975562,1.070481
4799,6798.563306,3565.024977,0.097237,1.062667,1.159905
4999,6699.296321,4316.888665,0.099083,1.102662,1.201745
5199,6596.164115,4017.858971,0.107015,1.141053,1.248067
5399,6493.821962,3832.925987,0.108319,1.177315,1.285634
5599,6434.594895,4835.464090,0.109799,1.213867,1.323666
5799,6367.013934,4474.747012,0.111362,1.244656,1.356018
5999,6277.404336,3678.725998,0.113131,1.276364,1.389494
6199,6184.536973,3398.516088,0.121908,1.312136,1.434044
6399,6095.810579,3345.292361,0.123319,1.351336,1.474655
6599,6006.069402,3134.351740,0.124951,1.385030,1.509981
6799,5923.010026,3182.050609,0.126753,1.422453,1.549206
6999,5852.569240,3457.582520,0.128411,1.454067,1.582478
7199,5772.002240,2952.157260,0.138704,1.492448,1.631152
7399,5706.735060,3357.116578,0.140191,1.529564,1.669755
7599,5644.443671,3339.662269,0.141664,1.566103,1.707767
7799,5580.819239,3163.090829,0.143254,1.596668,1.739922
7999,5534.119695,3712.837491,0.145249,1.636192,1.781441
8199,5468.420431,2840.449856,0.157370,1.679479,1.836849
8399,5408.545365,2953.667639,0.158567,1.709291,1.867858
8599,5339.326231,2432.122622,0.160013,1.740045,1.900058
8799,5287.341566,3052.000967,0.161716,1.778518,1.940234
8999,5236.879845,3016.564118,0.163645,1.814672,1.978317
9199,5172.470721,2274.060141,0.176072,1.844497,2.020569
9399,5123.518969,2871.738382,0.177544,1.885376,2.062921
9599,5069.222208,2517.274428,0.179171,1.922006,2.101177
9799,5038.603634,3568.912096,0.180768,1.951914,2.132682
9999,4989.280271,2572.435500,0.182359,1.980959,2.163318
10199,4943.686545,2664.000230,0.197900,2.023741,2.221640
10399,4903.024433,2829.256731,0.199276,2.057100,2.256376
10599,4857.585201,2494.745119,0.200754,2.089367,2.290121
10799,4807.818526,2170.184771,0.202343,2.118819,2.321162
10999,4769.882080,2721.313954,0.204055,2.155799,2.359854
11199,4732.447497,2673.545468,0.220024,2.200681,2.420706
11399,4685.773836,2072.048822,0.221696,2.251111,2.472807
11599,4655.550127,2932.798686,0.223599,2.295335,2.518933
11799,4616.475790,2350.164271,0.225107,2.326125,2.551232
11999,4581.258328,2503.428049,0.226602,2.353232,2.579834
12199,4541.829090,2176.074831,0.239124,2.391359,2.630483
12399,4509.447535,2534.172638,0.240417,2.428657,2.669075
12599,4476.224628,2416.404420,0.241808,2.458940,2.700749
12799,4445.118580,2485.437578,0.243526,2.499730,2.743256
12999,4413.181482,2369.207169,0.245495,2.533692,2.779187
13199,4380.225866,2238.110836,0.256994,2.571455,2.828449
13399,4348.129513,2229.770245,0.258702,2.622390,2.881092
13599,4321.141849,2512.968361,0.260063,2.650281,2.910344
13799,4289.601183,2144.835867,0.261568,2.680591,2.942158
13999,4257.832234,2065.774747,0.263216,2.712754,2.975970
14199,4227.172309,2080.977574,0.275915,2.742976,3.018891
14399,4194.950234,1907.182888,0.277236,2.772715,3.049951
14599,4168.709749,2279.394836,0.279236,2.819935,3.099171
14799,4137.828354,1883.486566,0.280757,2.850059,3.130816
14999,4110.050142,2054.462431,0.282661,2.882353,3.165013
15199,4084.513199,2169.242501,0.294694,2.912751,3.207445
15399,4056.508590,1928.158236,0.296008,2.949815,3.245822
15599,4030.838518,2054.243031,0.297830,2.988536,3.286366
15799,4005.422521,2022.974734,0.299327,3.018211,3.317538
15999,3986.148855,2463.529271,0.301073,3.050364,3.351437
16199,3952.998390,1300.961143,0.366447,3.089343,3.455790
16399,3921.890653,1402.164008,0.367769,3.121278,3.489047
16599,3890.601263,1324.871265,0.369287,3.152031,3.521318
16799,3862.175874,1502.868604,0.371282,3.195799,3.567082
16999,3834.704097,1527.074766,0.373170,3.226834,3.600004
17199,3808.752577,1602.873402,0.385914,3.271286,3.657201
17399,3781.092206,1402.300270,0.387341,3.309156,3.696496
17599,3753.780652,1377.675530,0.388707,3.337312,3.726019
17799,3727.262030,1393.623273,0.390315,3.368286,3.758601
17999,3703.715437,1608.068606,0.391992,3.404024,3.796016
18199,3674.451351,1040.683601,0.403024,3.437259,3.840283
18399,3648.763767,1311.193619,0.404599,3.478907,3.883506
18599,3623.076604,1259.857690,0.406021,3.514921,3.920942
18799,3597.377279,1207.340062,0.407988,3.562833,3.970821
18999,3577.293738,1689.440798,0.409913,3.610712,4.020625
19199,3555.490766,1484.208491,0.425050,3.653437,4.078487
19399,3535.745507,1640.200640,0.426489,3.688397,4.114886
19599,3512.097504,1218.241147,0.427992,3.720527,4.148519
19799,3492.796949,1601.342554,0.429728,3.755685,4.185413
19999,3471.279234,1341.025452,0.431875,3.797696,4.229570
20199,3448.530877,1173.695196,0.444768,3.832089,4.276856
20399,3427.285304,1281.482470,0.446223,3.873251,4.319474
20599,3407.084038,1346.554898,0.447977,3.908866,4.356842
20799,3389.520321,1580.457423,0.450127,3.956954,4.407081
20999,3369.263180,1262.520516,0.452203,4.025051,4.477254
21199,3351.791075,1517.220114,0.464223,4.061227,4.525450
21399,3333.394549,1383.362797,0.465421,4.089060,4.554482
21599,3313.813593,1218.651276,0.466935,4.120588,4.587523
21799,3297.018993,1483.202221,0.468564,4.152995,4.621559
21999,3277.524175,1152.589038,0.470170,4.182053,4.652223
22199,3262.308644,1588.600235,0.484267,4.215792,4.700059
22399,3245.173567,1343.180003,0.485595,4.247216,4.732811
22599,3228.795025,1394.398325,0.487167,4.281073,4.768240
22799,3211.742529,1284.810429,0.488714,4.310779,4.799493
22999,3194.662629,1247.554017,0.490399,4.343506,4.833905
23199,3181.604153,1679.879483,0.503475,4.381975,4.885450
23399,3167.345845,1513.382084,0.504904,4.415848,4.920752
23599,3155.293069,1745.118277,0.506520,4.447926,4.954445
23799,3140.572805,1403.581661,0.508133,4.477861,4.985994
23999,3125.802392,1368.123281,0.509767,4.509532,5.019298
24199,3112.256427,1486.740556,0.525389,4.538064,5.063453
24399,3098.411911,1423.225532,0.526771,4.568871,5.095642
24599,3085.207548,1474.275278,0.528111,4.596543,5.124655
24799,3071.503503,1385.905909,0.529613,4.626879,5.156491
24999,3058.205782,1409.288344,0.531387,4.661329,5.192716
25199,3043.043372,1147.742127,0.546983,4.712812,5.259795
25399,3029.863320,1369.176798,0.548409,4.746059,5.294468
25599,3020.640987,1849.404679,0.549847,4.776940,5.326787
25799,3008.862871,1501.264059,0.551375,4.807248,5.358623
25999,2995.632157,1288.870066,0.553165,4.841116,5.394282
26199,2982.427324,1265.799008,0.567165,4.871691,5.438856
26399,2970.621332,1424.036379,0.568580,4.903966,5.472545
26599,2957.175417,1182.314615,0.570009,4.932615,5.502624
26799,2945.598332,1405.846022,0.571551,4.967841,5.539392
26999,2933.377687,1295.811336,0.573403,5.007779,5.581182
27199,2922.466933,1449.515080,0.588169,5.041855,5.630024
27399,2909.916565,1203.066476,0.589571,5.074252,5.663823
27599,2898.155218,1286.850750,0.591039,5.106569,5.697608
27799,2888.814017,1599.728211,0.592470,5.133776,5.726246
27999,2877.514248,1306.846405,0.594124,5.165934,5.760058
28199,2868.436355,1597.531278,0.608739,5.202416,5.811155
28399,2859.539233,1605.045027,0.609939,5.230191,5.840130
28599,2849.780992,1464.110783,0.611408,5.261462,5.872870
28799,2839.834081,1417.425787,0.612984,5.290945,5.903930
28999,2830.403823,1472.446665,0.614553,5.319493,5.934046
29199,2822.603171,1691.508673,0.630417,5.351106,5.981523
29399,2811.836168,1239.853739,0.632097,5.399395,6.031493
29599,2801.524929,1285.772744,0.633690,5.442001,6.075691
29799,2792.167685,1407.295578,0.635521,5.478860,6.114381
29999,2783.369947,1472.506997,0.637287,5.513917,6.151204
30199,2774.229173,1403.113157,0.653589,5.543321,6.196910
30399,2765.576710,1459.054797,0.654955,5.579791,6.234746
30599,2757.646691,1552.283763,0.656268,5.607726,6.263995
30799,2748.269878,1313.617553,0.658141,5.642028,6.300169
30999,2740.631067,1564.254051,0.659919,5.672341,6.332261
31199,2731.202764,1269.815862,0.676504,5.707553,6.384057
31399,2724.910101,1743.254711,0.677805,5.738558,6.416363
31599,2716.990241,1473.572183,0.679128,5.766619,6.445747
31799,2709.022148,1450.063383,0.680592,5.794965,6.475557
31999,2700.731711,1382.552326,0.682469,5.827409,6.509878
32199,2694.563140,1707.591814,0.751826,5.868939,6.620766
32399,2685.597235,1242.086463,0.753208,5.902030,6.655238
32599,2678.906060,1594.935688,0.754535,5.930790,6.685326
32799,2671.975316,1542.264130,0.756086,5.958848,6.714934
32999,2665.736153,1642.513414,0.757853,5.991104,6.748957
33199,2661.374378,1941.681445,0.768496,6.025519,6.794014
33399,2653.360677,1323.086247,0.769848,6.057511,6.827360
33599,2646.830878,1556.354566,0.771254,6.087232,6.858486
33799,2639.217806,1360.221614,0.772712,6.115489,6.888201
33999,2634.096908,1768.665275,0.774505,6.149272,6.923776
34199,2629.033347,1768.227850,0.786368,6.180466,6.966834
34399,2623.466760,1671.580507,0.787790,6.213610,7.001400
34599,2616.889822,1485.656437,0.789210,6.244123,7.033333
34799,2611.464382,1672.863198,0.790769,6.273704,7.064473
34999,2605.016527,1483.089766,0.792299,6.302751,7.095050
35199,2596.649345,1132.392464,0.803489,6.335070,7.138559
35399,2589.876576,1397.869340,0.805002,6.369599,7.174601
35599,2582.820565,1333.906622,0.806591,6.411057,7.217648
35799,2575.468350,1266.774109,0.808675,6.468350,7.277025
35999,2571.171709,1802.072906,0.810688,6.521028,7.331716
36199,2564.697612,1399.360141,0.826651,6.569298,7.395948
36399,2557.426287,1241.316499,0.828140,6.611837,7.439977
36599,2550.813192,1347.229764,0.829948,6.654091,7.484039
36799,2545.426231,1559.612429,0.831983,6.699159,7.531142
36999,2540.606309,1653.740777,0.834100,6.746132,7.580232
37199,2534.009203,1313.544561,0.849022,6.791273,7.640295
37399,2530.591006,1894.806266,0.850553,6.836165,7.686718
37599,2524.527853,1390.718207,0.852829,6.886564,7.739392
37799,2519.695409,1611.196072,0.855427,6.962992,7.818420
37999,2513.202755,1286.091162,0.858032,7.024568,7.882600
38199,2507.751336,1471.981625,0.875631,7.069148,7.944779
38399,2501.650368,1336.365444,0.877764,7.130768,8.008532
38599,2497.013987,1606.828938,0.880304,7.198891,8.079195
38799,2491.364592,1401.031412,0.882184,7.242237,8.124420
38999,2485.170337,1283.484750,0.884642,7.299651,8.184293
39199,2479.971946,1466.285802,0.905095,7.409762,8.314858
39399,2474.678714,1437.205200,0.906908,7.460357,8.367265
39599,2469.549147,1459.024484,0.908523,7.495459,8.403982
39799,2464.520659,1468.880029,0.910106,7.530931,8.441037
39999,2459.118849,1384.158533,0.911803,7.561012,8.472815
40199,2454.450009,1520.682038,0.925943,7.593751,8.519694
40399,2448.676538,1288.208929,0.927451,7.632690,8.560141
40599,2444.268306,1553.805424,0.929203,7.672915,8.602118
40799,2439.303787,1431.506509,0.931016,7.714955,8.645971
40999,2434.512855,1457.162602,0.932923,7.754847,8.687770
41199,2429.359780,1372.979383,0.947669,7.785943,8.733612
41399,2424.013340,1322.646684,0.949131,7.819454,8.768585
41599,2419.084777,1398.872279,0.950682,7.852074,8.802756
41799,2416.766914,1934.651415,0.952375,7.883493,8.835868
41999,2410.257711,1049.834360,0.954021,7.913257,8.867278
42199,2404.384517,1171.013644,0.971434,7.947957,8.919392
42399,2399.111594,1286.524862,0.973021,7.990717,8.963738
42599,2395.470723,1623.606032,0.974842,8.028870,9.003712
42799,2391.070626,1453.850107,0.976356,8.058230,9.034586
42999,2386.537759,1416.504264,0.978122,8.090877,9.068999
43199,2383.467935,1723.455645,0.994818,8.121821,9.116639
43399,2379.506747,1523.890254,0.996232,8.154336,9.150567
43599,2375.225363,1446.165020,0.997703,8.185060,9.182763
43799,2370.929370,1434.402940,0.999245,8.215055,9.214300
43999,2366.938782,1492.999942,1.001042,8.247253,9.248295
44199,2364.087634,1736.835076,1.017149,8.278011,9.295160
44399,2361.219910,1727.452920,1.018488,8.309080,9.327569
44599,2358.723432,1804.505257,1.020092,8.344234,9.364326
44799,2354.296122,1367.005903,1.021953,8.378299,9.400252
44999,2349.088687,1182.623282,1.023888,8.415031,9.438918
45199,2344.711345,1359.809500,1.038965,8.447770,9.486735
45399,2340.819873,1461.347271,1.040482,8.481866,9.522348
45599,2337.834466,1660.147033,1.041959,8.513397,9.555356
45799,2334.042566,1469.489263,1.043410,8.542112,9.585521
45999,2330.687258,1562.321872,1.045227,8.574432,9.619659
46199,2326.655459,1399.341518,1.062908,8.608206,9.671114
46399,2324.041180,1720.142852,1.064421,8.649622,9.714043
46599,2320.482002,1494.752541,1.065883,8.681640,9.747523
46799,2317.962333,1730.879679,1.067533,8.712585,9.780118
46999,2314.744382,1561.743708,1.069412,8.743969,9.813381
47199,2310.500294,1313.139664,1.090588,8.773484,9.864073
47399,2306.612325,1389.051707,1.092065,8.806545,9.898610
47599,2302.275811,1274.522010,1.093564,8.838130,9.931695
47799,2299.526215,1645.122207,1.095290,8.871295,9.966586
47999,2296.485445,1569.741517,1.097105,8.903191,10.000296
48199,2293.272068,1522.061484,1.170352,8.935226,10.105579
48399,2290.619183,1651.273962,1.171645,8.967538,10.139184
48599,2286.712550,1341.307362,1.173174,9.000366,10.173541
48799,2284.786893,1816.852124,1.174987,9.034462,10.209448
48999,2281.404048,1455.989971,1.176782,9.066981,10.243763
49199,2277.284695,1268.043336,1.188098,9.099784,10.287882
49399,2273.374699,1311.515683,1.189401,9.129974,10.319375
49599,2270.253577,1499.336236,1.191109,9.172711,10.363821
49799,2266.812804,1413.501194,1.192626,9.203490,10.396116
49999,2262.244809,1124.814068,1.194622,9.244081,10.438703
50199,2381.760896,32260.782569,1.207852,9.279866,10.487719
50399,2485.718997,28579.202352,1.209173,9.316159,10.525332
50599,2589.110890,28643.868069,1.210902,9.355611,10.566513
50799,2721.530524,36223.697902,1.212478,9.388074,10.600552
50999,2830.445395,30494.822595,1.214238,9.424670,10.638908
51199,2903.874334,21628.253723,1.228777,9.458668,10.687445
51399,2975.025186,21189.643357,1.230159,9.490720,10.720879
51599,3047.555038,21687.726962,1.231568,9.521995,10.753563
51799,3127.671717,23797.775027,1.233159,9.553662,10.786821
51999,3218.210224,26667.683335,1.235094,9.589778,10.824872
52199,3315.786351,28685.579446,1.248214,9.621578,10.869792
52399,3377.772484,19556.153313,1.249641,9.655312,10.904953
52599,3442.731167,20461.905998,1.251230,9.687969,10.939199
52799,3495.053116,17255.725741,1.252824,9.723834,10.976659
52999,3567.211768,22617.095760,1.254656,9.761220,11.015877
53199,3611.357168,15309.888242,1.272041,9.808649,11.080690
53399,3653.422512,14842.803923,1.273441,9.849829,11.123270
53599,3693.638991,14431.439007,1.275100,9.892503,11.167604
53799,3754.512111,20068.508274,1.276991,9.943525,11.220516
53999,3793.946369,14401.761897,1.278907,9.985258,11.264165
54199,3836.340306,15282.703200,1.292230,10.027489,11.319719
54399,3873.042404,13819.311046,1.293767,10.078463,11.372230
54599,3907.339947,13236.271407,1.295169,10.114454,11.409623
54799,3950.422060,15711.838942,1.296960,10.147146,11.444106
54999,3989.752170,14766.202441,1.298698,10.177760,11.476457
55199,4019.199101,12117.105150,1.312307,10.210715,11.523023
55399,4049.259097,12345.818047,1.313965,10.254358,11.568323
55599,4082.205609,13208.389378,1.315484,10.294017,11.609501
55799,4110.865819,12078.404129,1.317331,10.332785,11.650117
55999,4136.375568,11253.595662,1.319013,10.366523,11.685536
56199,4159.978932,10768.920692,1.335812,10.400315,11.736127
56399,4182.878604,10617.686352,1.337361,10.437073,11.774434
56599,4199.972876,9020.557785,1.338733,10.470388,11.809120
56799,4218.368021,9424.194087,1.340325,10.504606,11.844931
56999,4238.910727,10073.039138,1.342253,10.544594,11.886846
57199,4251.969037,7973.587487,1.357622,10.580762,11.938384
57399,4262.089794,7156.626120,1.359053,10.622047,11.981100
57599,4275.111650,8012.384291,1.360529,10.654334,12.014863
57799,4283.407610,6672.644302,1.362349,10.690283,12.052631
57999,4305.483586,10685.440649,1.364133,10.726649,12.090782
58199,4321.579310,8989.339002,1.380081,10.764033,12.144114
58399,4334.081995,7972.363392,1.381554,10.801338,12.182893
58599,4343.822314,7187.995670,1.382967,10.831204,12.214172
58799,4359.351897,8909.519482,1.384498,10.861244,12.245742
58999,4371.711659,8005.481767,1.386155,10.891484,12.277639
59199,4379.110776,6561.850192,1.403549,10.924181,12.327730
59399,4389.241903,7388.055495,1.404994,10.965153,12.370147
59599,4396.885493,6667.031847,1.406618,11.012022,12.418640
59799,4404.589792,6700.470940,1.408330,11.059762,12.468092
59999,4411.718524,6543.209436,1.410244,11.106827,12.517070
60199,4419.819488,6850.108612,1.425531,11.155141,12.580672
60399,4425.851149,6241.381068,1.426858,11.193757,12.620615
60599,4433.554183,6759.870401,1.428244,11.228119,12.656363
60799,4438.749422,6012.906860,1.430161,11.270948,12.701109
60999,4444.119993,6076.773751,1.432090,11.324267,12.756357
61199,4451.632314,6742.889953,1.449348,11.362715,12.812063
61399,4456.865448,6058.204594,1.450779,11.398023,12.848803
61599,4458.794535,5051.024260,1.452382,11.431353,12.883735
61799,4464.203998,6130.318588,1.453894,11.464312,12.918206
61999,4472.212109,6946.718508,1.455632,11.496384,12.952017
62199,4473.728861,4943.921875,1.473539,11.533483,13.007022
62399,4476.034074,5192.955342,1.475073,11.573783,13.048856
62599,4480.312842,5815.288351,1.476641,11.610463,13.087104
62799,4482.513431,5171.297894,1.478235,11.644389,13.122623
62999,4485.440338,5404.488979,1.480123,11.687205,13.167328
63199,4485.279897,4434.741051,1.497539,11.731185,13.228724
63399,4486.111835,4749.004299,1.499090,11.772224,13.271314
63599,4487.332324,4874.227248,1.500763,11.811235,13.311998
63799,4491.474154,5808.576100,1.502484,11.847068,13.349552
63999,4498.123787,6619.356792,1.504229,11.880634,13.384863
64199,4500.219650,5170.895882,1.577187,11.916570,13.493757
64399,4503.456680,5542.543379,1.578532,11.955553,13.534085
64599,4503.494069,4515.533115,1.580143,11.993710,13.573853
64799,4506.467899,5467.015037,1.581770,12.024954,13.606724
64999,4510.224139,5727.245817,1.583706,12.059530,13.643236
65199,4513.715572,5648.431521,1.597797,12.096930,13.694727
65399,4512.593251,4146.716517,1.599167,12.135517,13.734684
65599,4515.410678,5436.709413,1.600575,12.166381,13.766956
65799,4515.213292,4450.470498,1.602293,12.200130,13.802423
65999,4516.967822,5094.208226,1.603864,12.233332,13.837196
66199,4519.827198,5463.421382,1.616107,12.269656,13.885762
66399,4523.487145,5734.929391,1.617376,12.308456,13.925832
66599,4526.875636,5651.854823,1.618817,12.344209,13.963026
66799,4530.128426,5613.307596,1.620469,12.382799,14.003269
66999,4533.812816,5764.399006,1.622440,12.423728,14.046169
67199,4537.530341,5782.901008,1.634828,12.474640,14.109468
67399,4538.547800,4880.414135,1.636392,12.523245,14.159638
67599,4542.780076,5969.057216,1.638004,12.568705,14.206709
67799,4542.963608,4604.997301,1.639474,12.600656,14.240130
67999,4543.483004,4719.558407,1.641061,12.632587,14.273648
68199,4546.150855,5453.220165,1.653848,12.666854,14.320702
68399,4548.522764,5357.343756,1.655244,12.700042,14.355287
68599,4550.484082,5221.254739,1.656837,12.734797,14.391634
68799,4551.862366,5024.613820,1.658254,12.762730,14.420984
68999,4552.307067,4705.284095,1.660050,12.796062,14.456112
69199,4554.002342,5138.872249,1.674198,12.826372,14.500570
69399,4555.900468,5212.652162,1.675651,12.894454,14.570105
69599,4558.359438,5411.621878,1.677389,12.943901,14.621290
69799,4561.731936,5735.361303,1.679311,12.980410,14.659721
69999,4561.646965,4531.992027,1.680882,13.016195,14.697077
70199,4563.382073,5170.669873,1.696402,13.055777,14.752179
70399,4565.484119,5303.302166,1.697745,13.102822,14.800566
70599,4567.323801,5214.891939,1.699023,13.131489,14.830512
70799,4570.045645,5530.856793,1.700677,13.163207,14.863884
70999,4571.982124,5257.495515,1.702506,13.196023,14.898529
71199,4570.833170,4162.954728,1.718050,13.227972,14.946022
71399,4572.185205,5053.509353,1.719586,13.266605,14.986191
71599,4572.269100,4602.219864,1.721177,13.299095,15.020272
71799,4572.977359,4826.534001,1.723039,13.371315,15.094354
71999,4577.141019,6071.894910,1.725074,13.418253,15.143327
72199,4577.392413,4667.894142,1.738479,13.451895,15.190375
72399,4577.526961,4626.098853,1.739672,13.489259,15.228931
72599,4578.931700,5087.447215,1.741067,13.520699,15.261765
72799,4580.424579,5122.339744,1.742513,13.549730,15.292243
72999,4581.114434,4832.221784,1.744019,13.577093,15.321111
73199,4584.258188,5731.728357,1.757986,13.610472,15.368458
73399,4585.437049,5016.900176,1.759498,13.647334,15.406831
73599,4586.793235,5084.513243,1.760933,13.678451,15.439384
73799,4587.489551,4843.733853,1.762528,13.711071,15.473599
73999,4587.975129,4767.153612,1.764272,13.749699,15.513971
74199,4586.987901,4221.713329,1.782674,13.831767,15.614441
74399,4588.071492,4990.083799,1.784311,13.891891,15.676201
74599,4591.495837,5865.352265,1.786058,13.932869,15.718927
74799,4594.069296,5553.969453,1.787585,13.970751,15.758336
74999,4597.303028,5806.718860,1.789313,14.001302,15.790615
75199,4597.637110,4722.917838,1.815964,14.054261,15.870226
75399,4600.665535,5739.353442,1.817254,14.097784,15.915038
75599,4602.332976,5230.957959,1.818460,14.126200,15.944659
75799,4604.221144,5317.948989,1.820081,14.156572,15.976653
75999,4604.924715,4871.577903,1.821828,14.188847,16.010675
76199,4603.156122,3931.090816,1.837230,14.224445,16.061675
76399,4604.077024,4954.940866,1.838708,14.262063,16.100771
76599,4605.020816,4965.549387,1.840315,14.303021,16.143336
76799,4608.360204,5887.345657,1.841858,14.339556,16.181414
76999,4608.703429,4740.501892,1.843910,14.383128,16.227038
77199,4609.347839,4857.445681,1.862327,14.422214,16.284541
77399,4611.834977,5571.869986,1.863664,14.459698,16.323362
77599,4612.718583,4954.674338,1.865115,14.497759,16.362874
77799,4613.272795,4828.307177,1.866913,14.535853,16.402766
77999,4614.042688,4913.531053,1.868613,14.571311,16.439924
78199,4616.930009,5742.984853,1.884117,14.606206,16.490323
78399,4617.344274,4779.322132,1.885568,14.644935,16.530504
78599,4618.730616,5162.176569,1.886986,14.679438,16.566424
78799,4616.948439,3916.553086,1.888608,14.715851,16.604459
78999,4621.095592,6255.073900,1.890430,14.752707,16.643137
79199,4623.496937,5572.027971,1.907839,14.788963,16.696803
79399,4621.705886,3912.449805,1.909312,14.826680,16.735992
79599,4625.516414,6138.296044,1.910820,14.861218,16.772038
79799,4626.157358,4881.253118,1.912615,14.897018,16.809632
79999,4629.895976,6121.604601,1.914205,14.928906,16.843111
80199,4632.341937,5610.725983,1.983462,14.960851,16.944313
80399,4635.124809,5751.056526,1.984693,14.990500,16.975192
80599,4635.881691,4940.148253,1.986237,15.023696,17.009932
80799,4638.078092,5523.227711,1.987715,15.054054,17.041769
80999,4639.762311,5320.186990,1.989250,15.086060,17.075310
81199,4640.563573,4965.074748,2.000791,15.118649,17.119440
81399,4639.232746,4098.916898,2.002186,15.153196,17.155383
81599,4641.398634,5522.915026,2.003652,15.187582,17.191234
81799,4646.161651,6589.472451,2.005213,15.218802,17.224014
81999,4648.849454,5748.160982,2.006923,15.251833,17.258756
82199,4650.782311,5443.253747,2.018870,15.283799,17.302669
82399,4656.795352,7128.155120,2.020197,15.315730,17.335927
82599,4660.392057,6142.234416,2.021463,15.345972,17.367434
82799,4661.003681,4913.604435,2.023125,15.378204,17.401329
82999,4662.057207,5098.217004,2.024728,15.407909,17.432637
83199,4664.480356,5670.087387,2.036771,15.441792,17.478563
83399,4666.870552,5661.192035,2.037995,15.474161,17.512157
83599,4667.303307,4847.762181,2.039464,15.507707,17.547170
83799,4670.693744,6087.896360,2.040889,15.537410,17.578299
83999,4670.898844,4756.835496,2.042371,15.565505,17.607875
84199,4672.914940,5519.675614,2.054268,15.596363,17.650631
84399,4673.207032,4796.177616,2.055589,15.628500,17.684089
84599,4673.968544,4995.326654,2.057030,15.660332,17.717362
84799,4675.405757,5283.346820,2.058609,15.690280,17.748888
84999,4675.849685,4864.075288,2.060335,15.723466,17.783801
85199,4677.203621,5252.626449,2.074711,15.755563,17.830274
85399,4679.658199,5725.308236,2.075967,15.784895,17.860861
85599,4679.865774,4768.500306,2.077595,15.821369,17.898964
85799,4682.265669,5709.420702,2.079085,15.851473,17.930558
85999,4682.075600,4600.535875,2.080698,15.882873,17.963571
86199,4681.286582,4342.008803,2.095053,15.917137,18.012191
86399,4683.717449,5731.421493,2.096303,15.949629,18.045932
86599,4687.958517,6520.099798,2.097687,15.980626,18.078313
86799,4689.742622,5462.260109,2.099384,16.012320,18.111704
86999,4691.084372,5273.403912,2.101252,16.045304,18.146556
87199,4691.959378,5072.586766,2.114583,16.083253,18.197836
87399,4691.569471,4521.570206,2.115896,16.116715,18.232611
87599,4693.796375,5666.953161,2.117334,16.149576,18.266910
87799,4694.324432,4925.613570,2.118956,16.182008,18.300964
87999,4695.764794,5328.083562,2.120726,16.215758,18.336485
88199,4696.703970,5109.941452,2.134372,16.246338,18.380710
88399,4698.928993,5680.164318,2.135685,16.278896,18.414581
88599,4701.718138,5934.520116,2.137211,16.313170,18.450381
88799,4703.731812,5595.789482,2.138752,16.344097,18.482848
88999,4704.424104,5011.801474,2.140830,16.385014,18.525843
89199,4705.153644,5029.799340,2.155450,16.431969,18.587418
89399,4706.635852,5367.700459,2.156581,16.461186,18.617767
89599,4707.556867,5119.250622,2.158028,16.495170,18.653198
89799,4709.876117,5748.900104,2.159565,16.525746,18.685310
89999,4712.003212,5667.068605,2.161356,16.560532,18.721888
90199,4714.336746,5764.427188,2.176620,16.595094,18.771714
90399,4715.995492,5464.089981,2.177908,16.630253,18.808161
90599,4716.996178,5169.306428,2.180091,16.707124,18.887215
90799,4718.791772,5532.195722,2.182077,16.775972,18.958048
90999,4720.239816,5377.651680,2.183619,16.810057,18.993676
91199,4721.857325,5457.824102,2.199112,16.840485,19.039597
91399,4723.259157,5362.494453,2.200460,16.871941,19.072402
91599,4723.932378,5031.594395,2.202000,16.909001,19.111001
91799,4724.559673,5011.860859,2.203584,16.946499,19.150083
91999,4725.754980,5274.400785,2.205319,16.994566,19.199885
92199,4725.636072,4670.938387,2.222127,17.033877,19.256004
92399,4725.710324,4759.940656,2.223373,17.067177,19.290550
92599,4727.595284,5598.446656,2.224745,17.103160,19.327906
92799,4729.854431,5775.839474,2.226486,17.149803,19.376289
92999,4730.038232,4815.322056,2.228033,17.180542,19.408575
93199,4732.329827,5797.921405,2.243424,17.212855,19.456279
93399,4734.131200,5573.571131,2.244647,17.243250,19.487898
93599,4734.916954,5101.863683,2.246146,17.278696,19.524842
93799,4735.953603,5221.105609,2.247682,17.309978,19.557660
93999,4737.725266,5568.634916,2.249368,17.339989,19.589357
94199,4740.027104,5821.891229,2.266818,17.371736,19.638554
94399,4739.809044,4637.102802,2.268079,17.402641,19.670720
94599,4741.858496,5709.199842,2.269676,17.441303,19.710980
94799,4744.530021,6008.161445,2.271199,17.476107,19.747306
94999,4745.841999,5367.719651,2.273192,17.518183,19.791375
95199,4747.663324,5612.792391,2.291769,17.549716,19.841485
95399,4749.313737,5534.910586,2.293143,17.593524,19.886667
95599,4749.711409,4939.400645,2.294642,17.635119,19.929761
95799,4753.123384,6384.047625,2.296133,17.663988,19.960120
95999,4754.877248,5594.978096,2.297567,17.690915,19.988482
96199,4756.677223,5620.665248,2.366991,17.722695,20.089686
96399,4758.184142,5483.012226,2.368393,17.756889,20.125282
96599,4759.921710,5597.429289,2.369976,17.798473,20.168448
96799,4760.201686,4895.430207,2.371592,17.845752,20.217344
96999,4763.510517,6364.984794,2.373312,17.888291,20.261603
97199,4764.185141,5091.377808,2.386816,17.925610,20.312426
97399,4765.051311,5186.009719,2.388365,17.968496,20.356861
97599,4766.069874,5262.109913,2.389803,18.002121,20.391923
97799,4766.890785,5167.495726,2.391336,18.035766,20.427102
97999,4767.123108,4880.728779,2.393122,18.069666,20.462788
98199,4767.391579,4898.942708,2.405557,18.104453,20.510010
98399,4766.698717,4426.503476,2.406788,18.140763,20.547551
98599,4768.052958,5434.339267,2.408628,18.190567,20.599195
98799,4770.033399,5746.390718,2.410137,18.229545,20.639681
98999,4771.202095,5348.538046,2.411958,18.274112,20.686070
99199,4772.322564,5326.954762,2.426359,18.316353,20.742712
99399,4771.481080,4354.105176,2.427828,18.363750,20.791578
99599,4772.881248,5468.764700,2.429456,18.413202,20.842658
99799,4774.143778,5402.883769,2.431013,18.443874,20.874887
99999,4775.325319,5364.914146,2.432513,18.471729,20.904242
100199,4805.058007,19671.401951,2.448206,18.504841,20.953047
100399,4839.953180,22322.434585,2.449582,18.538439,20.988020
100599,4861.394761,15625.068629,2.450948,18.570409,21.021357
100799,4892.412109,20494.138111,2.452517,18.608442,21.060959
100999,4920.615905,19135.329212,2.454277,18.643632,21.097909
101199,4953.552230,21586.396533,2.468476,18.673852,21.142328
101399,4974.097433,15369.969851,2.469647,18.702333,21.171980
101599,4988.553008,12317.529757,2.471232,18.737102,21.208334
101799,5003.807790,12753.236693,2.472905,18.771053,21.243959
101999,5019.500906,13007.296908,2.474542,18.801895,21.276437
102199,5032.964276,11899.283059,2.489869,18.835262,21.325132
102399,5043.755488,10558.064979,2.491340,18.871901,21.363241
102599,5053.594859,10091.352959,2.492804,18.906355,21.399158
102799,5061.404932,9067.972241,2.494342,18.936598,21.430940
102999,5073.081504,11074.839489,2.495964,18.968082,21.464046
103199,5086.355058,11922.235342,2.512779,18.999858,21.512636
103399,5094.675362,9387.952301,2.514090,19.035344,21.549434
103599,5102.688943,9245.710172,2.515602,19.070735,21.586336
103799,5108.638270,8190.389715,2.517136,19.101294,21.618430
103999,5120.841056,11454.087260,2.518689,19.130650,21.649339
104199,5130.505604,10156.070616,2.535778,19.164593,21.700371
104399,5134.938509,7444.481535,2.537223,19.203290,21.740513
104599,5144.299419,10030.694735,2.538667,19.235976,21.774643
104799,5151.185851,8752.789464,2.540135,19.265292,21.805427
104999,5159.343568,9433.987437,2.541778,19.296572,21.838350
105199,5166.324852,8831.499130,2.557553,19.327690,21.885244
105399,5173.252752,8817.328182,2.558832,19.359389,21.918222
105599,5178.520730,7954.744887,2.560256,19.391851,21.952107
105799,5181.096535,6541.121873,2.561909,19.423129,21.985038
105999,5186.024946,7793.154379,2.563493,19.453337,22.016829
106199,5189.662697,7117.670452,2.580895,19.488304,22.069199
106399,5190.392401,5577.865140,2.582258,19.523204,22.105461
106599,5193.311116,6746.067837,2.583803,19.559441,22.143244
106799,5197.394335,7373.749812,2.585468,19.593357,22.178825
106999,5202.482887,7919.769498,2.587110,19.623883,22.210992
107199,5205.055497,6581.401861,2.604616,19.656789,22.261405
107399,5207.117648,6312.430833,2.605877,19.686636,22.292513
107599,5211.891468,7775.432761,2.607564,19.721837,22.329401
107799,5214.452526,6592.301496,2.609274,19.755186,22.364460
107999,5217.805198,7024.895504,2.610854,19.785403,22.396257
108199,5221.589446,7265.083434,2.627196,19.818814,22.446010
108399,5224.785888,6954.061168,2.628486,19.850765,22.479251
108599,5225.866924,5811.788402,2.629921,19.884909,22.514830
108799,5228.877040,6863.370128,2.631444,19.915887,22.547331
108999,5232.542782,7226.706483,2.633221,19.948510,22.581731
109199,5234.508890,6306.037710,2.650639,19.979456,22.630095
109399,5237.403274,6817.736585,2.651883,20.009334,22.661217
109599,5240.023944,6673.530609,2.653275,20.042109,22.695384
109799,5241.785744,6207.252248,2.654821,20.073735,22.728556
109999,5242.477109,5622.036482,2.656432,20.104271,22.760702
110199,5245.430102,6869.576147,2.674017,20.135354,22.809372
110399,5248.928503,7176.547412,2.675284,20.169043,22.844328
110599,5250.216797,5961.355187,2.676720,20.203789,22.880509
110799,5251.657405,6048.313502,2.678290,20.233701,22.911990
110999,5254.120860,6618.875209,2.679957,20.266505,22.946462
111199,5257.555117,7163.567525,2.697592,20.303769,23.001360
111399,5258.701294,5895.975768,2.698987,20.336655,23.035642
111599,5262.949425,7629.158176,2.700418,20.368325,23.068743
111799,5263.205989,5406.369010,2.701929,20.399043,23.100972
111999,5263.404022,5374.104419,2.703697,20.430519,23.134217
112199,5266.889346,7218.670595,2.776337,20.463840,23.240177
112399,5265.389195,4423.804720,2.777794,20.509686,23.287480
112599,5265.719565,5451.387590,2.779174,20.540681,23.319856
112799,5264.507913,4582.347935,2.780685,20.570490,23.351175
112999,5263.608720,4756.463733,2.782365,20.602576,23.384942
113199,5262.836986,4826.806873,2.794492,20.634320,23.428813
113399,5261.233548,4353.688094,2.795893,20.667532,23.463425
113599,5261.347615,5326.023602,2.797297,20.699075,23.496373
113799,5260.136173,4572.037040,2.799048,20.734742,23.533790
113999,5259.506631,4901.296916,2.800643,20.764392,23.565035
114199,5258.089492,4450.320437,2.812511,20.792916,23.605427
114399,5257.560364,4955.428347,2.813990,20.828424,23.642414
114599,5256.204737,4480.785837,2.815560,20.866582,23.682142
114799,5255.536970,4872.906825,2.817257,20.900288,23.717545
114999,5253.924760,4328.516125,2.819016,20.931489,23.750505
115199,5254.927041,5831.238456,2.831284,20.964667,23.795951
115399,5253.185624,4250.129779,2.832521,20.993868,23.826389
115599,5250.207918,3532.071374,2.833997,21.027409,23.861406
115799,5249.709158,4961.425557,2.835487,21.059138,23.894625
115999,5248.944022,4805.930401,2.837200,21.091428,23.928627
116199,5247.407875,4356.442766,2.850388,21.123045,23.973433
116399,5246.706732,4839.342382,2.851647,21.153239,24.004885
116599,5245.144783,4336.090886,2.853210,21.189327,24.042537
116799,5243.736310,4422.596136,2.854752,21.221277,24.076029
116999,5242.937325,4776.330285,2.856403,21.253686,24.110090
117199,5241.446715,4369.439774,2.869564,21.284067,24.153631
117399,5241.717459,5400.373713,2.870861,21.317252,24.188113
117599,5240.832032,4721.086260,2.872318,21.349968,24.222286
117799,5237.329889,3178.069794,2.873799,21.380986,24.254786
117999,5235.420208,4110.618181,2.875315,21.409949,24.285264
118199,5234.084912,4446.260087,2.890029,21.442085,24.332114
118399,5233.305950,4772.939564,2.891204,21.472667,24.363872
118599,5232.185736,4569.018745,2.892737,21.506872,24.399609
118799,5230.606070,4293.864352,2.894393,21.542220,24.436613
118999,5230.430231,5125.982116,2.896230,21.575089,24.471320
119199,5228.340514,3984.958798,2.910404,21.608394,24.518798
119399,5227.198196,4546.376387,2.911684,21.639765,24.551449
119599,5226.145980,4597.972944,2.913103,21.673092,24.586195
119799,5223.672995,3744.828044,2.914805,21.707301,24.622105
119999,5222.729128,4657.353189,2.916430,21.738574,24.655004
120199,5221.092072,4238.858005,2.930372,21.769259,24.699631
120399,5220.307911,4749.027570,2.931710,21.801056,24.732766
120599,5220.042990,5060.560558,2.933206,21.834989,24.768195
120799,5219.276676,4757.189306,2.934978,21.871509,24.806487
120999,5219.776657,5521.764956,2.936641,21.903638,24.840279
121199,5217.297826,3717.604860,2.952010,21.938873,24.890883
121399,5217.096582,5095.143317,2.953404,21.972188,24.925592
121599,5215.526975,4262.775462,2.954885,22.006919,24.961803
121799,5214.159413,4382.681280,2.956517,22.039374,24.995892
121999,5213.347447,4718.860107,2.958082,22.070740,25.028822
122199,5211.479625,4072.108627,2.972993,22.099900,25.072892
122399,5209.726858,4138.786171,2.974285,22.131217,25.105502
122599,5207.695016,3964.207770,2.975679,22.162691,25.138370
122799,5206.814607,4667.123750,2.977361,22.196739,25.174100
122999,5206.591248,5069.449053,2.979044,22.229918,25.208962
123199,5206.377426,5074.876792,2.995600,22.265632,25.261233
123399,5205.330751,4560.579005,2.996873,22.296472,25.293345
123599,5204.207079,4510.901175,2.998379,22.330624,25.329003
123799,5203.491513,4761.271688,2.999792,22.359427,25.359219
123999,5203.500466,5209.042391,3.001362,22.389236,25.390598
124199,5202.768995,4749.257062,3.019783,22.424369,25.444152
124399,5202.572171,5080.344359,3.021086,22.457901,25.478987
124599,5201.697231,4657.484955,3.022639,22.491996,25.514635
124799,5201.491809,5073.513619,3.024022,22.521367,25.545389
124999,5201.612987,5277.228108,3.025758,22.556431,25.582188
125199,5199.884699,4119.704644,3.041201,22.595534,25.636735
125399,5198.213394,4151.976291,3.042549,22.629949,25.672498
125599,5198.413237,5323.714725,3.044127,22.663481,25.707608
125799,5197.711532,4757.040876,3.045839,22.696326,25.742165
125999,5196.435037,4393.519890,3.047412,22.726795,25.774207
126199,5195.513553,4614.978592,3.063688,22.756846,25.820534
126399,5195.339229,5085.340813,3.064900,22.786676,25.851577
126599,5193.086010,3769.051590,3.066289,22.817851,25.884140
126799,5191.630614,4270.364785,3.067819,22.849182,25.917001
126999,5189.637413,3925.947791,3.069573,22.889596,25.959169
127199,5188.157703,4248.542335,3.086237,22.926474,26.012711
127399,5187.088332,4506.968510,3.087717,22.967787,26.055504
127599,5186.262024,4659.903817,3.089022,22.998295,26.087317
127799,5185.023583,4394.898183,3.090510,23.027521,26.118031
127999,5183.517631,4221.213765,3.092122,23.058771,26.150893
128199,5182.479741,4518.230172,3.153870,23.090629,26.244499
128399,5178.553899,2662.089702,3.162141,23.127123,26.289263
128599,5175.173085,3004.690235,3.163437,23.157160,26.320597
128799,5171.676922,2923.643847,3.165095,23.192092,26.357187
128999,5168.688580,3244.196673,3.166562,23.221375,26.387938
129199,5164.613292,2536.052486,3.168242,23.252251,26.420494
129399,5160.518272,2515.135503,3.179031,23.282313,26.461344
129599,5156.651281,2654.707871,3.180459,23.315891,26.496350
129799,5152.196393,2265.428780,3.181879,23.344569,26.526448
129999,5148.878766,2995.739090,3.183503,23.376052,26.559556
130199,5144.557999,2336.059511,3.185320,23.408588,26.593908
130399,5140.569601,2544.122422,3.197190,23.439027,26.636217
130599,5136.661627,2588.662660,3.198608,23.473838,26.672446
130799,5132.252887,2253.345783,3.200036,23.503509,26.703545
130999,5128.382853,2597.380114,3.201750,23.536500,26.738251
131199,5124.858939,2816.695692,3.203360,23.566011,26.769371
131399,5120.238663,2089.337509,3.215466,23.601451,26.816917
131599,5116.478058,2645.760470,3.216894,23.634450,26.851345
131799,5111.431835,1791.017402,3.218273,23.662865,26.881138
131999,5107.376563,2434.951823,3.219894,23.695001,26.914895
132199,5103.222121,2361.290583,3.221632,23.726012,26.947644
132399,5098.957943,2280.336200,3.234008,23.774877,27.008885
132599,5094.494030,2139.384110,3.235398,23.806106,27.041504
132799,5090.008881,2116.354934,3.237095,23.840254,27.077349
132999,5086.312159,2631.688840,3.238942,23.882266,27.121208
133199,5081.722372,2029.513853,3.240681,23.915203,27.155883
133399,5077.732668,2420.589404,3.253154,23.948415,27.201569
133599,5073.673084,2365.930791,3.254595,23.982633,27.237228
133799,5069.579483,2335.054260,3.256263,24.015630,27.271893
133999,5065.603947,2405.970119,3.257726,24.045726,27.303451
134199,5061.039097,2002.589548,3.259541,24.077700,27.337241
134399,5057.472687,2664.411643,3.272033,24.113242,27.385274
134599,5053.698603,2517.513914,3.273306,24.145272,27.418579
134799,5049.275381,2072.447376,3.275016,24.186619,27.461635
134999,5046.642813,3272.292021,3.276932,24.244901,27.521833
135199,5043.208625,2725.131471,3.278908,24.284028,27.562935
135399,5039.321654,2411.729658,3.293657,24.316913,27.610570
135599,5035.022090,2124.217015,3.295063,24.349246,27.644309
135799,5030.705131,2103.806646,3.296656,24.379911,27.676567
135999,5026.651006,2273.900210,3.298227,24.410538,27.708766
136199,5022.888992,2464.719733,3.300163,24.444369,27.744532
136399,5019.167906,2485.108210,3.313523,24.483156,27.796678
136599,5015.430726,2466.674214,3.314856,24.513126,27.827982
136799,5011.887374,2591.777805,3.316366,24.544816,27.861182
136999,5007.997761,2347.502724,3.318023,24.587807,27.905830
137199,5003.924808,2213.951879,3.319825,24.625463,27.945288
137399,5000.053033,2344.015019,3.334459,24.658055,27.992513
137599,4996.332537,2440.351670,3.335811,24.688973,28.024784
137799,4994.053511,3426.083590,3.337374,24.721049,28.058424
137999,4990.273440,2385.804739,3.339038,24.753022,28.092060
138199,4986.382024,2301.305323,3.340787,24.784174,28.124961
138399,4983.116032,2726.315089,3.355506,24.817611,28.173117
138599,4980.156803,2932.370810,3.356739,24.846691,28.203430
138799,4976.737484,2607.149001,3.358102,24.874939,28.233041
138999,4973.048869,2413.150140,3.359724,24.904639,28.264363
139199,4969.542778,2532.809888,3.361661,24.944786,28.306447
139399,4965.149267,1907.265575,3.379146,24.977784,28.356930
139599,4961.412036,2356.562083,3.380493,25.008329,28.388822
139799,4958.054634,2614.587933,3.381989,25.039646,28.421635
139999,4954.546739,2502.528308,3.383653,25.070571,28.454224
140199,4950.816659,2339.760330,3.385332,25.100190,28.485522
140399,4947.473955,2604.238330,3.400553,25.132799,28.533351
140599,4944.570981,2906.683286,3.401957,25.164028,28.565985
140799,4940.493276,2073.866477,3.403647,25.197992,28.601639
140999,4936.968566,2455.573325,3.405275,25.229859,28.635133
141199,4933.498902,2487.385774,3.407286,25.265480,28.672766
141399,4929.955890,2428.589238,3.424585,25.298924,28.723509
141599,4926.734970,2649.544496,3.426081,25.332557,28.758638
141799,4923.387992,2553.727098,3.427564,25.363340,28.790904
141999,4919.748454,2339.316686,3.429268,25.395963,28.825231
142199,4916.143422,2356.570309,3.430886,25.425156,28.856042
142399,4912.347462,2213.420052,3.446549,25.454770,28.901319
142599,4908.808261,2388.897086,3.448222,25.492170,28.940392
142799,4904.662044,1948.409169,3.449601,25.520751,28.970351
142999,4901.609709,2722.242341,3.451416,25.565207,29.016623
143199,4897.948584,2280.244464,3.453411,25.630319,29.083730
143399,4894.068738,2116.098938,3.478553,25.662184,29.140737
143599,4891.210848,2842.103895,3.479942,25.694296,29.174238
143799,4887.759779,2409.891980,3.481304,25.722990,29.204294
143999,4884.931005,2851.042514,3.482885,25.752925,29.235810
144199,4881.319821,2281.267728,3.484798,25.796062,29.280860
144399,4878.755321,3029.750954,3.561916,25.836336,29.398252
144599,4876.030513,2908.718997,3.563291,25.869120,29.432411
144799,4872.911732,2618.033094,3.564871,25.900653,29.465524
144999,4869.781842,2603.741588,3.566426,25.934970,29.501396
145199,4867.360631,3111.982484,3.568055,25.968994,29.537049
145399,4864.068591,2474.047614,3.578519,26.002715,29.581234
145599,4860.723480,2428.827479,3.579865,26.038390,29.618255
145799,4858.919285,3545.465080,3.581538,26.090119,29.671657
145999,4856.235242,2899.568075,3.583285,26.148130,29.731415
146199,4852.649891,2235.344074,3.585045,26.201709,29.786754
146399,4850.029291,2934.370098,3.596673,26.239476,29.836149
146599,4847.431997,2946.213393,3.598097,26.283832,29.881929
146799,4844.391231,2615.509364,3.599587,26.331960,29.931547
146999,4841.789227,2931.918497,3.601194,26.371708,29.972902
147199,4838.327957,2294.294123,3.603046,26.406577,30.009623
147399,4835.714512,2912.219325,3.613820,26.438428,30.052248
147599,4832.252408,2280.681654,3.615190,26.471210,30.086400
147799,4829.983491,3155.522488,3.617702,26.562194,30.179895
147999,4827.778373,3198.196661,3.619891,26.619190,30.239081
148199,4825.093347,2838.173609,3.621743,26.667486,30.289229
148399,4822.164352,2651.779554,3.635019,26.745878,30.380897
148599,4819.423551,2785.749390,3.636553,26.805182,30.441735
148799,4817.125289,3109.516191,3.638306,26.866117,30.504423
148999,4814.598401,2934.594182,3.639941,26.911732,30.551673
149199,4812.406471,3179.418206,3.641850,26.958506,30.600356
149399,4809.152424,2381.633573,3.658943,27.004703,30.663646
149599,4806.380513,2735.762791,3.660848,27.068310,30.729158
149799,4803.339748,2528.847412,3.662706,27.114832,30.777538
149999,4800.930205,2996.182462,3.664184,27.152802,30.816986
150199,4798.195511,2747.175203,3.665837,27.189896,30.855733
150399,4795.574063,2826.866514,3.681683,27.233402,30.915084
150599,4793.362909,3130.575226,3.683164,27.273942,30.957106
150799,4790.215858,2420.486107,3.684773,27.317338,31.002111
150999,4787.522533,2756.756044,3.686721,27.374458,31.061179
151199,4785.033107,2905.516388,3.688916,27.425090,31.114006
151399,4782.304499,2719.476426,3.702505,27.467783,31.170288
151599,4778.664699,2023.336136,3.703757,27.502362,31.206119
151799,4775.984949,2744.734665,3.705283,27.539471,31.244754
151999,4773.008400,2513.807424,3.706920,27.577958,31.284878
152199,4769.771475,2309.708525,3.708626,27.618358,31.326984
152399,4766.711475,2438.051600,3.724870,27.693094,31.417964
152599,4764.699077,3231.251961,3.726263,27.731216,31.457480
152799,4761.946898,2662.034418,3.727800,27.780549,31.508349
152999,4759.291496,2730.564210,3.729354,27.824199,31.553553
153199,4756.664833,2747.267891,3.731008,27.855556,31.586564
153399,4753.761758,2530.005842,3.745003,27.888595,31.633598
153599,4750.925147,2575.244682,3.746394,27.923787,31.670181
153799,4748.257913,2699.822531,3.747784,27.951568,31.699352
153999,4745.354742,2512.815811,3.749254,27.979924,31.729178
154199,4742.862022,2823.467987,3.751330,28.021325,31.772655
154399,4740.839364,3181.370099,3.769075,28.052920,31.821995
154599,4738.468445,2908.118375,3.770367,28.083760,31.854127
154799,4735.652590,2558.997036,3.771804,28.112425,31.884229
154999,4732.963601,2651.686444,3.773572,28.146503,31.920075
155199,4730.816153,3066.543639,3.775160,28.177752,31.952912
155399,4728.599518,3008.491068,3.790682,28.208528,31.999210
155599,4726.134968,2811.179247,3.791970,28.244350,32.036321
155799,4723.167449,2414.437651,3.793686,28.284883,32.078569
155999,4720.334821,2513.717859,3.795206,28.314069,32.109275
156199,4717.139887,2225.091019,3.796775,28.342745,32.139520
156399,4714.245054,2453.380592,3.813833,28.374656,32.188489
156599,4712.464415,3320.005038,3.815322,28.411810,32.227132
156799,4709.654242,2509.288746,3.816875,28.446233,32.263108
156999,4706.796760,2466.530381,3.818631,28.479388,32.298020
157199,4704.437551,2852.458600,3.820324,28.509725,32.330049