# TEST CONFIGURATION BEGIN
# ConceptDriftStream(alpha=0.0, drift_stream=RegressionGenerator(n_features=10, n_informative=10, n_samples=500000, n_targets=1, random_state=4), position=450000, random_state=None, stream=ConceptDriftStream(alpha=0.0, drift_stream=RegressionGenerator(n_features=10, n_informative=10, n_samples=500000, n_targets=1, random_state=3), position=400000, random_state=None... stream=ConceptDriftStream(alpha=0.0, drift_stream=RegressionGenerator(n_features=10, n_informative=10, n_samples=500000, n_targets=1, random_state=2), position=50000, random_state=None, stream=RegressionGenerator(n_features=10, n_informative=10, n_samples=500000, n_targets=1, random_state=1), width=1), width=1), width=1), width=1), width=1), width=1), width=1), width=1), width=1)
# [D+RESET] AdaptiveSemiRegressorJr(detect_drift=True, learning_rate=0.3, max_buffer=None, max_depth=6, max_window_size=1000, min_window_size=1, pre_train=None, ratio_unsampled=None, small_window_size=None, unic='N')
# [RESET] AdaptiveSemiRegressorJULIA(learning_rate=0.3, max_buffer=None, max_depth=6, max_window_size=1000, min_window_size=1, pre_train=None, ratio_unsampled=None, small_window_size=None)
# [D] AdaptiveSemiRegressorJ(detect_drift=True, learning_rate=0.3, max_buffer=None, max_depth=6, max_window_size=1000, min_window_size=1, pre_train=None, ratio_unsampled=None, small_window_size=None, unic='N')
# [D_SEM_RESET] AdaptiveSemiRegressorJS(learning_rate=0.3, max_buffer=None, max_depth=6, max_window_size=1000, min_window_size=1, pre_train=None, ratio_unsampled=None, small_window_size=None)
# [HTR] HoeffdingTreeRegressor(binary_split=False, grace_period=200, leaf_prediction='perceptron', learning_ratio_const=True, learning_ratio_decay=0.001, learning_ratio_perceptron=0.02, max_byte_size=33554432, memory_estimate_period=1000000, nb_threshold=0, no_preprune=False, nominal_attributes=None, random_state=None, remove_poor_atts=False, split_confidence=1e-07, stop_mem_management=False, tie_threshold=0.05)
# [KNN] KNNRegressor(aggregation_method='mean', leaf_size=30, max_window_size=1000, metric='euclidean', n_neighbors=5)
# [HTRA] HoeffdingAdaptiveTreeRegressor(binary_split=False, grace_period=200, leaf_prediction='perceptron', learning_ratio_const=True, learning_ratio_decay=0.001, learning_ratio_perceptron=0.02, max_byte_size=33554432, memory_estimate_period=1000000, no_preprune=False, nominal_attributes=None, random_state=None, remove_poor_atts=False, split_confidence=1e-07, stop_mem_management=False, tie_threshold=0.05)
# [AdaptiveRandomForestRegressor(aggregation_method='median', binary_split=False,
                              drift_detection_criteria='mse',
                              drift_detection_method=ADWIN(delta=0.001),
                              grace_period=50, lambda_value=6,
                              leaf_prediction='perceptron',
                              learning_ratio_const=True,
                              learning_ratio_decay=0.001,
                              learning_ratio_perceptron=0.1,
                              max_byte_size=1048576000, max_features='auto',
                              memory_estimate_period=2000000, n_estimators=10,
                              no_preprune=False, nominal_attributes=None,
                              random_state=None, remove_poor_atts=False,
                              split_confidence=0.01, stop_mem_management=False,
                              tie_threshold=0.05,
                              warning_detection_method=ADWIN(delta=0.01),
                              weighted_vote_strategy=None)] AdaptiveRandomForestRegressor(aggregation_method='median', binary_split=False, drift_detection_criteria='mse', drift_detection_method=ADWIN(delta=0.001), grace_period=50, lambda_value=6, leaf_prediction='perceptron', learning_ratio_const=True, learning_ratio_decay=0.001, learning_ratio_perceptron=0.1, max_byte_size=1048576000, max_features='auto', memory_estimate_period=2000000, n_estimators=10, no_preprune=False, nominal_attributes=None, random_state=None, remove_poor_atts=False, split_confidence=0.01, stop_mem_management=False, tie_threshold=0.05, warning_detection_method=ADWIN(delta=0.01), weighted_vote_strategy=None)
# EvaluatePrequential(batch_size=1, data_points_for_classification=False, max_samples=500000, max_time=inf, metrics=['mean_square_error', 'running_time'], n_wait=200, output_file='exec_ALL_abrupto2.out', pretrain_size=0, restart_stream=True, show_plot=False)
# TEST CONFIGURATION END
id,mean_mse_[D+RESET],current_mse_[D+RESET],mean_mse_[RESET],current_mse_[RESET],mean_mse_[D],current_mse_[D],mean_mse_[D_SEM_RESET],current_mse_[D_SEM_RESET],mean_mse_[HTR],current_mse_[HTR],mean_mse_[KNN],current_mse_[KNN],mean_mse_[HTRA],current_mse_[HTRA],mean_mse_[AdaptiveRandomForestRegressor(aggregation_method='median', binary_split=False,
                              drift_detection_criteria='mse',
                              drift_detection_method=ADWIN(delta=0.001),
                              grace_period=50, lambda_value=6,
                              leaf_prediction='perceptron',
                              learning_ratio_const=True,
                              learning_ratio_decay=0.001,
                              learning_ratio_perceptron=0.1,
                              max_byte_size=1048576000, max_features='auto',
                              memory_estimate_period=2000000, n_estimators=10,
                              no_preprune=False, nominal_attributes=None,
                              random_state=None, remove_poor_atts=False,
                              split_confidence=0.01, stop_mem_management=False,
                              tie_threshold=0.05,
                              warning_detection_method=ADWIN(delta=0.01),
                              weighted_vote_strategy=None)],current_mse_[AdaptiveRandomForestRegressor(aggregation_method='median', binary_split=False,
                              drift_detection_criteria='mse',
                              drift_detection_method=ADWIN(delta=0.001),
                              grace_period=50, lambda_value=6,
                              leaf_prediction='perceptron',
                              learning_ratio_const=True,
                              learning_ratio_decay=0.001,
                              learning_ratio_perceptron=0.1,
                              max_byte_size=1048576000, max_features='auto',
                              memory_estimate_period=2000000, n_estimators=10,
                              no_preprune=False, nominal_attributes=None,
                              random_state=None, remove_poor_atts=False,
                              split_confidence=0.01, stop_mem_management=False,
                              tie_threshold=0.05,
                              warning_detection_method=ADWIN(delta=0.01),
                              weighted_vote_strategy=None)],training_time_[D+RESET],testing_time_[D+RESET],total_running_time_[D+RESET],training_time_[RESET],testing_time_[RESET],total_running_time_[RESET],training_time_[D],testing_time_[D],total_running_time_[D],training_time_[D_SEM_RESET],testing_time_[D_SEM_RESET],total_running_time_[D_SEM_RESET],training_time_[HTR],testing_time_[HTR],total_running_time_[HTR],training_time_[KNN],testing_time_[KNN],total_running_time_[KNN],training_time_[HTRA],testing_time_[HTRA],total_running_time_[HTRA],training_time_[AdaptiveRandomForestRegressor(aggregation_method='median', binary_split=False,
                              drift_detection_criteria='mse',
                              drift_detection_method=ADWIN(delta=0.001),
                              grace_period=50, lambda_value=6,
                              leaf_prediction='perceptron',
                              learning_ratio_const=True,
                              learning_ratio_decay=0.001,
                              learning_ratio_perceptron=0.1,
                              max_byte_size=1048576000, max_features='auto',
                              memory_estimate_period=2000000, n_estimators=10,
                              no_preprune=False, nominal_attributes=None,
                              random_state=None, remove_poor_atts=False,
                              split_confidence=0.01, stop_mem_management=False,
                              tie_threshold=0.05,
                              warning_detection_method=ADWIN(delta=0.01),
                              weighted_vote_strategy=None)],testing_time_[AdaptiveRandomForestRegressor(aggregation_method='median', binary_split=False,
                              drift_detection_criteria='mse',
                              drift_detection_method=ADWIN(delta=0.001),
                              grace_period=50, lambda_value=6,
                              leaf_prediction='perceptron',
                              learning_ratio_const=True,
                              learning_ratio_decay=0.001,
                              learning_ratio_perceptron=0.1,
                              max_byte_size=1048576000, max_features='auto',
                              memory_estimate_period=2000000, n_estimators=10,
                              no_preprune=False, nominal_attributes=None,
                              random_state=None, remove_poor_atts=False,
                              split_confidence=0.01, stop_mem_management=False,
                              tie_threshold=0.05,
                              warning_detection_method=ADWIN(delta=0.01),
                              weighted_vote_strategy=None)],total_running_time_[AdaptiveRandomForestRegressor(aggregation_method='median', binary_split=False,
                              drift_detection_criteria='mse',
                              drift_detection_method=ADWIN(delta=0.001),
                              grace_period=50, lambda_value=6,
                              leaf_prediction='perceptron',
                              learning_ratio_const=True,
                              learning_ratio_decay=0.001,
                              learning_ratio_perceptron=0.1,
                              max_byte_size=1048576000, max_features='auto',
                              memory_estimate_period=2000000, n_estimators=10,
                              no_preprune=False, nominal_attributes=None,
                              random_state=None, remove_poor_atts=False,
                              split_confidence=0.01, stop_mem_management=False,
                              tie_threshold=0.05,
                              warning_detection_method=ADWIN(delta=0.01),
                              weighted_vote_strategy=None)]
199,15800.573508,15800.573508,17592.375782,17592.375782,15800.573508,15800.573508,16593.263411,16593.263411,20876.394877,20876.394877,10852.458649,10852.458649,21476.190941,21476.190941,10329.189147,10329.189147,33.584068,27.828528,61.412595,5.196790,27.850939,33.047729,33.569732,27.346766,60.916498,5.605834,27.305471,32.911305,0.062590,0.012583,0.075174,0.007450,0.058314,0.065763,0.069074,0.010827,0.079902,0.949613,0.104459,1.054072
399,13660.050428,11519.527348,14503.705537,11415.035293,13660.050428,11519.527348,13229.134074,9865.004736,17520.436722,14164.478568,9023.669117,7194.879585,17108.261678,12740.332416,8712.864780,7096.540413,68.380615,60.251142,128.631757,6.884621,60.772624,67.657245,68.793309,59.998154,128.791463,7.221558,59.898696,67.120254,0.142884,0.025666,0.168550,0.015433,0.150974,0.166407,0.144860,0.022224,0.167084,2.082648,0.246646,2.329294
599,12774.281965,11002.745038,13164.314123,10485.531294,12774.281965,11002.745038,11783.544309,8892.364779,15042.521423,10086.690825,7940.259513,5773.440303,14687.002440,9844.483963,7720.129272,5734.658257,97.888549,87.473341,185.361890,9.044424,88.794432,97.838856,99.103281,87.715120,186.818401,9.107348,87.482068,96.589417,0.210563,0.038138,0.248701,0.023177,0.273843,0.297020,0.220655,0.032377,0.253032,3.094823,0.348500,3.443324
799,11652.487429,8287.103822,12416.353199,10172.470429,11652.487429,8287.103822,10982.707482,8580.197000,13472.187548,8761.185920,6978.992081,4095.189788,13187.998469,8690.986556,7126.243263,5344.585236,130.433865,120.019216,250.453081,9.048128,121.925086,130.973213,132.298017,121.062136,253.360153,9.110986,121.024470,130.135456,0.277549,0.051284,0.328833,0.031472,0.440330,0.471801,0.295434,0.058990,0.354424,4.184971,0.498713,4.683684
999,11023.007642,8505.088493,12070.120728,10685.190841,11023.007642,8505.088493,10678.150727,9459.923708,12648.178465,9352.142135,6584.671259,5007.387971,12414.336532,9319.688784,6722.292563,5106.489764,161.433964,150.759542,312.193506,9.052064,153.333576,162.385640,163.826269,152.383815,316.210084,9.114822,152.342384,161.457205,0.351134,0.064363,0.415497,0.039947,0.639398,0.679345,0.379977,0.068921,0.448897,5.368730,0.593399,5.962130
1199,10320.564717,6808.350093,11452.403657,8363.818301,10320.564717,6808.350093,10146.981074,7491.132810,11903.739418,8181.544183,6120.195432,3797.816295,11707.114473,8171.004176,6354.324890,4514.486522,192.768837,178.229154,370.997991,12.396809,181.994096,194.390905,191.516220,180.326868,371.843089,9.122671,180.263501,189.386172,0.437780,0.076861,0.514641,0.053910,0.865261,0.919171,0.465442,0.077431,0.542873,6.545897,0.680931,7.226828
1399,9778.235343,6524.259099,10689.781678,6114.049808,9778.235343,6524.259099,9504.658298,5650.721644,11743.992030,10785.507701,6050.932932,5635.357929,11574.907676,10781.666897,6290.163932,5905.198184,225.321721,210.373896,435.695617,12.400536,214.811601,227.212137,224.124875,212.637853,436.762728,9.126359,212.716432,221.842791,0.528520,0.089791,0.618311,0.068534,1.113010,1.181544,0.571427,0.085874,0.657301,7.757289,0.801813,8.559102
1599,9547.115465,7929.276319,10278.324405,7398.123490,9404.737289,6790.250908,9162.606103,6768.240738,11463.298909,9498.447065,5881.774976,4697.669284,11315.161617,9496.939204,6167.845206,5311.614125,253.693061,238.248835,491.941896,12.420059,243.622898,256.042957,285.266580,241.146499,526.413079,9.130117,241.591393,250.721509,0.600106,0.102418,0.702524,0.082201,1.338149,1.420349,0.669543,0.094489,0.764032,8.942472,0.895560,9.838032
1799,9154.375579,6012.456493,9889.086985,6775.187624,8790.183510,3873.753278,8841.873563,6276.013238,11177.305542,8889.358601,5766.018390,4839.965702,11045.584074,8888.963729,6095.357200,5515.453154,318.576254,268.443209,587.019463,12.424276,275.214400,287.638676,315.990275,271.998972,587.989247,9.134153,272.289741,281.423893,0.639719,0.116001,0.755720,0.096087,1.578209,1.674296,0.737616,0.104011,0.841627,10.140350,0.988759,11.129110
1999,8574.234248,3352.962268,9667.965914,7677.876274,8230.360453,3191.952941,8639.922695,6822.364880,10776.372091,7167.971035,5594.438838,4050.222871,10657.798044,7167.723777,5918.102313,4322.808323,350.638095,299.158640,649.796735,12.428805,307.208137,319.636942,370.962179,303.762180,674.724359,9.138591,303.809080,312.947671,0.697327,0.129707,0.827034,0.110529,1.887408,1.997937,0.839055,0.113575,0.952630,11.334656,1.083738,12.418394
2199,8069.869999,3026.227502,9429.325626,7042.922750,7675.558340,2127.537207,8366.504903,5632.326993,10398.493934,6619.712362,5593.252219,5581.386031,10290.701306,6619.733929,5799.729550,4616.001922,384.075292,329.321654,713.396946,16.031222,337.917997,353.949220,403.391049,334.092148,737.483197,13.066652,333.844671,346.911323,0.766994,0.143647,0.910641,0.124821,2.114883,2.239703,0.932732,0.122795,1.055527,12.652142,1.178783,13.830926
2399,7569.105437,2060.695266,9330.131094,8238.991245,7206.301867,2044.480675,8207.019720,6452.682706,9998.824870,5602.465171,5520.631956,4721.809062,9900.014529,5602.459975,5646.374595,3959.470088,446.064044,360.842163,806.906208,16.035063,370.441309,386.476372,453.919355,366.729100,820.648455,13.070396,366.790269,379.860665,0.812142,0.157849,0.969991,0.139314,2.357741,2.497054,1.042871,0.132786,1.175657,13.817368,1.312181,15.129549
2599,7179.124420,2499.352207,9214.041709,7820.969084,6800.645485,1932.768899,8068.635646,6408.026755,9667.545037,5692.187042,5401.116755,3966.934341,9576.332099,5692.142937,5493.534945,3659.459150,496.503751,393.214283,889.718034,16.039134,404.042872,420.082005,488.281343,400.515917,888.797261,13.074336,400.176630,413.250966,0.896766,0.172103,1.068869,0.153997,2.618481,2.772478,1.174620,0.142346,1.316966,15.261396,1.425255,16.686651
2799,6831.480278,2312.106439,9211.506206,9178.544676,6447.738009,1859.940823,8017.815773,7357.157427,9419.038618,6188.455167,5347.705306,4653.356469,9334.339673,6188.438142,5395.497898,4121.016282,526.019395,421.579530,947.598925,16.043261,433.754576,449.797837,518.117320,430.184705,948.302026,13.078343,429.468430,442.546774,0.953042,0.186215,1.139256,0.167792,2.850307,3.018099,1.292281,0.151990,1.444271,16.528474,1.520748,18.049222
2999,6574.544998,2977.451077,9246.911826,9742.590499,6169.592384,2275.553635,7998.346417,7725.775430,9280.514823,7341.181699,5358.161908,5504.554337,9201.463692,7341.199954,5385.519263,5245.818372,562.001727,453.540702,1015.542429,16.047762,465.899233,481.946994,582.201260,462.212378,1044.413638,13.082751,462.042675,475.125426,1.000052,0.200642,1.200694,0.181889,3.083906,3.265795,1.389576,0.177937,1.567514,17.801174,1.622333,19.423507
3199,6334.237351,2729.622648,9250.271129,9300.660677,5963.506017,2872.210508,7964.302610,7453.645501,9051.920744,5623.009559,5324.751404,4823.593846,8977.810369,5623.010529,5287.366629,3815.077131,620.433417,485.324478,1105.757895,19.960190,499.107103,519.067293,614.387271,495.119122,1109.506393,16.038884,494.249401,510.288285,1.122588,0.215107,1.337696,0.196349,3.317635,3.513984,1.553922,0.187324,1.741247,19.079984,1.720442,20.800426
3399,6133.374728,2919.572759,9352.172838,10982.600186,5807.394858,3309.616306,8014.525059,8818.084241,8849.170305,5605.163281,5347.100868,5704.692291,8779.419504,5605.165652,5212.753173,4018.937864,658.785346,508.959733,1167.745079,19.963614,522.953857,542.917471,640.375066,518.568719,1158.943785,16.042201,517.503293,533.545495,1.184917,0.228200,1.413117,0.229694,3.531666,3.761359,1.659760,0.196609,1.856369,20.229322,1.830864,22.060186
3599,5970.479056,3201.252632,9387.462472,9987.386249,5673.976448,3405.863484,8016.278361,8046.084506,8769.294132,7411.399190,5395.633282,6220.684317,8703.417400,7411.381639,5196.610304,4922.181529,693.888197,540.754089,1234.642286,19.967682,556.196291,576.163972,673.782908,551.851738,1225.634646,16.062143,550.766843,566.828986,1.271610,0.242740,1.514350,0.244219,3.783828,4.028046,1.787127,0.206228,1.993356,21.623424,1.945761,23.569185
3799,5829.124427,3284.741107,9365.897932,8977.736204,5531.026594,2957.929215,7949.425071,6746.065851,8585.317850,5273.744768,5319.109863,3941.688322,8522.908057,5273.739884,5088.964128,3151.332967,721.551194,567.962279,1289.513474,19.971724,583.886708,603.858433,701.698308,579.485919,1281.184227,16.066049,578.189498,594.255547,1.316521,0.256310,1.572831,0.257850,4.065653,4.323503,1.884961,0.215635,2.100596,22.914484,2.044230,24.958714
3999,5699.171068,3230.057239,9328.584425,8619.627796,5394.781117,2806.117057,7881.933608,6599.595807,8465.812475,6195.210346,5301.682412,4970.560849,8406.522566,6195.198234,5030.840435,3926.490274,754.672215,599.762967,1354.435182,19.976199,617.266090,637.242289,736.620762,612.745562,1349.366325,16.070345,611.494781,627.565126,1.416294,0.270761,1.687056,0.272109,4.317755,4.589865,2.056509,0.225429,2.281937,24.232501,2.143880,26.376381
4199,5575.078420,3093.225457,9181.976395,6249.815801,5268.738616,2747.888600,7734.731245,4790.683979,8375.847660,6576.551364,5293.944478,5139.185801,8319.380738,6576.544179,4983.806224,4043.121995,783.533740,625.969695,1409.503434,23.696376,644.207726,667.904102,763.673916,639.616455,1403.290372,19.710206,638.574339,658.284545,1.485171,0.284491,1.769662,0.285350,4.538375,4.823726,2.179985,0.274934,2.454919,25.585157,2.243426,27.828583
4399,5447.078212,2759.073847,9171.206692,8945.042927,5146.666330,2583.148321,7698.885399,6946.122637,8265.181856,5941.199983,5245.236214,4222.362655,8211.282032,5941.209211,4939.430908,4007.549283,814.865246,656.862702,1471.727948,23.700181,676.227868,699.928049,795.108318,671.408532,1466.516850,19.713869,670.014754,689.728622,1.545665,0.298612,1.844277,0.299454,4.813115,5.112568,2.308984,0.284831,2.593815,26.780283,2.345454,29.125737
4599,5353.806076,3301.819082,9115.664716,7893.741240,5037.045827,2625.394761,7622.848314,5950.032441,8141.479653,5420.031187,5210.314208,4442.030081,8089.923536,5420.036620,4880.602781,3586.383970,845.824685,686.840617,1532.665302,23.704218,707.393895,731.098114,826.148773,703.091241,1529.240014,19.717784,701.541343,721.259126,1.592250,0.313106,1.905356,0.313631,5.049462,5.363092,2.414290,0.294828,2.709117,28.138462,2.447668,30.586130
4799,5240.035726,2623.317683,9045.364691,7428.464116,4929.612359,2458.642601,7549.085099,5852.531168,8030.474954,5477.366869,5177.013863,4411.105930,7981.067115,5477.369443,4820.863141,3446.851425,878.040733,718.867826,1596.908559,23.708525,740.273394,763.981919,858.793296,735.778300,1594.571596,19.721941,734.153229,753.875170,1.664328,0.327778,1.992106,0.327940,5.285182,5.613122,2.542372,0.304688,2.847059,29.452533,2.548485,32.001018
4999,5164.382182,3348.697120,9054.540529,9274.760637,4874.325356,3547.437290,7523.375216,6906.338015,7957.158245,6197.557224,5200.084649,5753.783521,7909.726544,6197.552837,4795.270441,4181.045654,909.627461,750.462770,1660.090231,23.713043,773.154755,796.867799,892.330423,768.511067,1660.841490,19.726265,766.765558,786.491823,1.751107,0.342379,2.093486,0.342002,5.528063,5.870065,2.691085,0.314330,3.005415,30.854748,2.648876,33.503623
5199,5085.282769,3107.797444,8991.170932,7406.931021,4818.864148,3432.333933,7451.816670,5662.853029,7929.838517,7246.845315,5225.534321,5861.776106,7884.231053,7246.843759,4786.114655,4557.220002,943.124418,779.920630,1723.045048,23.739807,803.752823,827.492630,922.878222,798.731518,1721.609741,19.735880,796.706237,816.442117,1.797850,0.356560,2.154410,0.355945,5.775103,6.131048,2.798432,0.323781,3.122213,32.340119,2.748840,35.088959
5399,5013.817832,3155.729472,8981.370088,8726.548137,4767.121476,3421.812009,7428.289679,6816.587892,7862.479654,6111.149221,5207.819217,4747.226533,7818.561168,6111.144174,4740.029219,3541.807882,975.974754,811.824279,1787.799034,23.743674,836.466277,860.209951,955.107641,831.883092,1786.990733,19.739622,829.761611,849.501233,1.917847,0.371088,2.288935,0.370349,6.009898,6.380246,2.951645,0.333320,3.284964,33.752681,2.850371,36.603052
5599,4942.289689,3011.029833,8941.350264,7860.815005,4718.088825,3394.207241,7384.699007,6207.750874,7853.181492,7602.131128,5239.597715,6097.617148,7810.831658,7602.134889,4743.023674,4823.873956,1007.748912,843.333121,1851.082032,23.747743,868.851884,892.599628,987.755702,864.418679,1852.174381,19.743530,861.696242,881.439772,2.014494,0.397591,2.412085,0.384697,6.256583,6.641280,3.100481,0.359133,3.459614,35.130550,2.953363,38.083913
5799,4911.069868,4036.914868,8892.858005,7535.074770,4647.818217,2680.241194,7332.701907,5876.783119,7828.139849,7126.973838,5250.000615,5541.281802,7787.250342,7126.973484,4730.787358,4388.170494,1039.984629,875.160753,1915.145382,23.752046,901.921250,925.673296,1020.463169,896.809058,1917.272227,19.747696,894.268860,914.016556,2.088125,0.412285,2.500410,0.414034,6.502028,6.916063,3.241337,0.368916,3.610253,36.396153,3.056491,39.452645
5999,4854.289199,3207.649796,8818.917035,6674.628887,4581.219566,2649.858684,7259.925402,5149.406734,7743.445345,5287.304735,5212.718104,4131.525306,7703.918901,5287.307113,4677.686842,3137.771907,1073.542325,908.505053,1982.047378,23.756638,935.761259,959.517897,1057.106266,931.124303,1988.230569,19.752183,929.002067,948.754250,2.135862,0.427059,2.562922,0.440548,6.755247,7.195795,3.371561,0.378956,3.750517,37.585425,3.176038,40.761463
6199,4798.521402,3125.487516,8747.656687,6609.846240,4520.194292,2689.436075,7191.881335,5150.559333,7680.762184,5800.267351,5170.892094,3916.111786,7642.510808,5800.268013,4632.921435,3289.959211,1107.300594,938.438252,2045.738846,27.336992,966.577544,993.914537,1086.914151,961.661309,2048.575459,23.516228,958.943366,982.459594,2.194625,0.441622,2.636247,0.454382,6.984379,7.438762,3.515171,0.388768,3.903939,39.025374,3.296977,42.322351
6399,4741.147216,2962.547439,8682.885110,6674.966244,4445.102955,2117.271500,7129.631806,5199.896420,7624.188060,5870.390225,5160.382288,4834.578308,7587.131998,5870.388883,4589.678475,3249.146700,1137.172870,968.294375,2105.467245,27.340763,997.453641,1024.794404,1117.741722,992.315648,2110.057370,23.519825,988.982094,1012.501920,2.266406,0.456282,2.722688,0.468240,7.214787,7.683026,3.657570,0.398944,4.056514,40.317960,3.399989,43.717949
6599,4702.336803,3460.403574,8709.121685,9548.692080,4403.029263,3056.671138,7136.524447,7357.088955,7592.040718,6563.325751,5177.897436,5738.382160,7556.107536,6563.324769,4563.579095,3728.398963,1170.586707,1000.741495,2171.328202,27.344886,1031.475496,1058.820382,1151.265642,1025.799747,2177.065389,23.523793,1022.506833,1046.030626,2.326871,0.471134,2.798005,0.482970,7.469761,7.952731,3.775978,0.408766,4.184744,41.802397,3.501763,45.304159
6799,4662.338549,3342.396181,8686.421510,7937.315750,4357.748090,2863.469388,7114.502410,6387.775196,7529.457285,5464.204011,5171.877182,4973.208803,7494.581026,5464.206209,4527.013299,3320.342032,1203.025096,1032.221192,2235.246288,27.349257,1063.951787,1091.301044,1183.604491,1057.896568,2241.501059,23.528009,1054.883176,1078.411185,2.377370,0.485976,2.863346,0.497446,7.720531,8.217976,3.896387,0.418948,4.315335,43.213736,3.631409,46.845145
6999,4607.261773,2734.651398,8617.034134,6257.863330,4307.088303,2584.655532,7048.157029,4792.414072,7454.214151,4895.947585,5159.348078,4733.358547,7420.334339,4895.946968,4488.525045,3179.924390,1235.090623,1064.137777,2299.228401,27.353830,1097.381041,1124.734870,1216.365389,1090.756255,2307.121645,23.532355,1087.599622,1111.131976,2.458661,0.500873,2.959534,0.511491,7.962096,8.473588,4.044250,0.428854,4.473104,44.575777,3.753300,48.329077
7199,4552.670945,2641.991944,8558.397616,6506.119504,4249.236442,2224.421293,6992.854012,5057.248405,7397.183266,5401.102289,5174.081649,5689.756622,7364.244616,5401.104305,4470.072521,3824.234195,1271.317930,1096.024128,2367.342058,31.610362,1130.601978,1162.212340,1249.658434,1124.201750,2373.860184,27.588541,1120.941757,1148.530297,2.540093,0.515675,3.055768,0.525853,8.197619,8.723473,4.192034,0.438564,4.630598,45.853110,3.857440,49.710550
7399,4499.204347,2574.406822,8502.823903,6502.170217,4217.024407,3057.391144,6942.679770,5136.407067,7341.503725,5337.040243,5175.799544,5237.643774,7309.455350,5337.041790,4433.580570,3119.870308,1303.631459,1127.348390,2430.979849,31.614271,1163.292778,1194.907049,1282.175689,1156.860513,2439.036202,27.592294,1153.393543,1180.985837,2.610049,0.530540,3.140589,0.540347,8.432086,8.972433,4.350954,0.448675,4.799628,47.673885,3.962871,51.636756
7599,4447.635374,2539.583379,8475.002088,7445.594921,4173.892724,2578.020453,6918.646522,6029.416355,7304.263843,5926.388238,5160.400868,4590.649866,7273.058827,5926.387468,4402.589641,3255.925282,1335.030767,1158.812223,2493.842989,31.618350,1196.358813,1227.977163,1313.545191,1190.288521,2503.833712,27.596184,1186.070971,1213.667155,2.670191,0.545300,3.215491,0.554714,8.664175,9.218889,4.483498,0.458638,4.942136,49.093646,4.086311,53.179957
7799,4410.896945,3014.836661,8438.865805,7065.687051,4130.503314,2481.705758,6886.216478,5653.874790,7267.029069,5852.107654,5159.728511,5134.178930,7236.624198,5852.108297,4378.165351,3450.042324,1368.388329,1191.992401,2560.380730,31.622735,1230.538478,1262.161213,1347.859405,1224.375731,2572.235137,27.600455,1219.942280,1247.542735,2.790324,0.560419,3.350743,0.569360,8.901362,9.470722,4.646919,0.468726,5.115646,50.479565,4.191593,54.671158
7999,4377.686126,3082.464185,8430.392876,8099.948646,4083.071327,2233.223843,6879.528479,6618.696517,7244.875586,6380.889718,5153.907328,4926.881214,7215.230877,6380.891372,4352.279567,3342.733996,1397.686471,1220.805414,2618.491885,31.627153,1260.113693,1291.740846,1379.328469,1253.775316,2633.103785,27.604700,1249.889297,1277.493997,2.878181,0.575056,3.453237,0.583192,9.130486,9.713678,4.799551,0.478803,5.278354,51.846772,4.297118,56.143891
8199,4332.678100,2532.357034,8381.975815,6445.293410,4049.617611,2711.468945,6847.175728,5553.065706,7214.706161,6007.929186,5148.521135,4933.073414,7185.784527,6007.930509,4322.707606,3139.829189,1431.802676,1250.832418,2682.635094,35.259581,1291.169083,1326.428664,1410.253081,1284.387636,2694.640717,31.232920,1280.685702,1311.918621,2.963355,0.624495,3.587850,0.597314,9.379920,9.977233,4.944129,0.488865,5.432994,53.405732,4.417911,57.823642
8399,4295.174854,2757.541798,8315.282796,5580.869011,4014.552484,2576.882278,6799.468688,4843.480014,7188.595131,6118.042901,5144.450590,4977.558221,7160.362140,6118.044267,4294.530932,3139.287271,1465.033117,1283.127894,2748.161011,35.263471,1324.242232,1359.505702,1442.940855,1316.996401,2759.937256,31.236709,1313.574952,1344.811661,3.012475,0.639356,3.651831,0.611733,9.664650,10.276383,5.113540,0.498851,5.612391,54.812674,4.524201,59.336875
8599,4260.471414,2802.926927,8231.913628,4730.408567,3969.593582,2081.319707,6734.100966,3988.656665,7121.602171,4307.897837,5115.627427,3905.054597,7094.025751,4307.897437,4247.624365,2277.548561,1495.751415,1313.246570,2808.997986,35.267500,1355.885019,1391.152519,1473.676317,1348.120039,2821.796356,31.240599,1344.311987,1375.552586,3.062484,0.654295,3.716779,0.626305,9.964831,10.591136,5.246297,0.508594,5.754891,56.261960,4.624222,60.886182
8799,4221.194839,2532.302084,8177.409436,5833.729177,3938.160098,2586.520305,6696.885184,5096.606565,7064.405663,4604.955835,5118.123195,5225.441217,7037.456006,4604.956966,4225.041304,3253.969662,1528.494334,1345.093154,2873.587488,35.271871,1389.380666,1424.652537,1506.587502,1381.690362,2888.277864,31.244793,1377.533067,1408.777860,3.176585,0.669195,3.845780,0.640787,10.217198,10.857985,5.408065,0.519201,5.927267,57.941901,4.734237,62.676138
8999,4199.099943,3226.924523,8138.746851,6437.593097,3902.041885,2312.840487,6669.901471,5482.618087,7035.252669,5752.520912,5128.832071,5600.022603,7008.901935,5752.522795,4204.599817,3305.174418,1562.306099,1377.797737,2940.103836,35.276509,1423.102258,1458.378767,1544.244567,1415.330979,2959.575546,31.249242,1411.572868,1442.822110,3.249946,0.684136,3.934082,0.655471,10.456739,11.112210,5.573025,0.528968,6.101993,59.370857,4.836371,64.207228
9199,4171.939618,2949.724995,8083.860728,5613.985222,3866.915569,2286.231374,6629.500365,4811.450615,6986.490674,4792.200905,5119.382019,4694.129706,6960.712775,4792.200580,4175.619775,2871.517887,1598.117853,1409.369527,3007.487380,35.692055,1455.963100,1491.655155,1576.616583,1448.171580,3024.788163,31.259543,1444.059740,1475.319283,3.311613,0.699126,4.010739,0.669689,10.704046,11.373735,5.710559,0.538912,6.249471,60.785153,4.943868,65.729021
9399,4149.723766,3127.794563,8049.907731,6488.069827,3835.362931,2383.941552,6601.144022,5296.752207,6953.627644,5441.928255,5141.221067,6145.817231,6928.398196,5441.927539,4164.672966,3661.119725,1627.746369,1439.132448,3066.878817,35.695833,1486.965683,1522.661516,1605.716586,1478.289939,3084.006524,31.263160,1473.573254,1504.836414,3.359347,0.713696,4.073043,0.683324,10.949162,11.632486,5.835133,0.549010,6.384144,62.293968,5.050959,67.344927
9599,4124.041529,2916.976412,8019.154936,6573.773589,3808.480685,2545.015125,6578.804748,5528.858894,6904.199876,4581.094799,5138.058043,4989.395950,6879.496054,4581.095410,4144.477086,3195.270726,1660.048768,1471.564577,3131.613345,35.699955,1520.445017,1556.144972,1638.511458,1511.274199,3149.785656,31.267118,1506.680009,1537.947128,3.482321,0.728676,4.210997,0.697961,11.186747,11.884708,6.051735,0.559013,6.610748,63.979037,5.175070,69.154107