# TEST CONFIGURATION BEGIN
# ConceptDriftStream(alpha=0.0, drift_stream=RegressionGenerator(n_features=10, n_informative=10, n_samples=500000, n_targets=1, random_state=4), position=375000.0, random_state=None, stream=ConceptDriftStream(alpha=0.0, drift_stream=RegressionGenerator(n_features=10, n_informative=10, n_samples=500000, n_targets=1, random_state=3), position=250000.0, random_state=None, stream=ConceptDriftStream(alpha=0.0, drift_stream=RegressionGenerator(n_features=10, n_informative=10, n_samples=500000, n_targets=1, random_state=2), position=125000.0, random_state=None, stream=RegressionGenerator(n_features=10, n_informative=10, n_samples=500000, n_targets=1, random_state=1), width=10000.0), width=10000.0), width=10000.0)
# [AXGBRegRD] AdaptiveSemiRegressorJr(detect_drift=True, learning_rate=0.3, max_buffer=None, max_depth=6, max_window_size=1000, min_window_size=1, pre_train=None, ratio_unsampled=None, small_window_size=None, unic='N')
# EvaluatePrequential(batch_size=1, data_points_for_classification=False, max_samples=500000, max_time=inf, metrics=['mean_square_error', 'running_time'], n_wait=200, output_file='exec_AXGBRegRD_gradual4.out', pretrain_size=0, restart_stream=True, show_plot=False)
# TEST CONFIGURATION END
id,mean_mse_[AXGBRegRD],current_mse_[AXGBRegRD],training_time_[AXGBRegRD],testing_time_[AXGBRegRD],total_running_time_[AXGBRegRD]
199,15800.573508,15800.573508,0.156474,0.127972,0.284445
399,13660.050428,11519.527348,0.210281,0.158859,0.369140
599,12774.281965,11002.745038,0.271198,0.195047,0.466245
799,11652.487429,8287.103822,0.325617,0.226351,0.551968
999,11023.007642,8505.088493,0.400407,0.274393,0.674801
1199,10320.564717,6808.350093,0.471259,0.317766,0.789025
1399,9778.235343,6524.259099,0.527648,0.350320,0.877968
1599,9404.737289,6790.250908,0.659891,0.381471,1.041362
1799,8790.183510,3873.753278,0.719699,0.416160,1.135859
1999,8224.190899,3130.257408,0.903289,0.451288,1.354577
2199,7666.618123,2090.890357,0.974586,0.487230,1.461816
2399,7185.180639,1889.368312,1.133385,0.520903,1.654287
2599,6776.704148,1874.986259,1.207076,0.554546,1.761622
2799,6438.954990,2048.215937,1.266353,0.589823,1.856176
2999,6249.608880,3598.763333,1.498243,0.624809,2.123052
3199,6073.169040,3426.571443,1.555785,0.658235,2.214020
3399,5918.250008,3439.545504,1.627862,0.696051,2.323913
3599,5799.745750,3785.173365,1.693421,0.735471,2.428891
3799,5690.359950,3721.415543,1.763745,0.772144,2.535890
3999,5584.611895,3575.398855,1.826516,0.808804,2.635320
4199,5473.862313,3258.870677,1.988383,0.840721,2.829104
4399,5366.966696,3122.158723,2.065472,0.875535,2.941007
4599,5270.635857,3151.357401,2.124184,0.910095,3.034279
4799,5170.927615,2877.638058,2.194559,0.940795,3.135353
4999,5074.613483,2763.074311,2.253066,0.975651,3.228717
5199,4997.711750,3075.168426,2.307453,1.006384,3.313837
5399,4912.852987,2706.525140,2.363478,1.038333,3.401811
5599,4852.209175,3214.826275,2.422127,1.071009,3.493136
5799,4790.408087,3059.977612,2.496868,1.103309,3.600177
5999,4731.434424,3021.198186,2.553411,1.135807,3.689218
6199,4667.960760,2763.750844,2.609906,1.168390,3.778296
6399,4597.038764,2398.456906,2.667136,1.200281,3.867417
6599,4552.453756,3125.733483,2.723184,1.231412,3.954596
6799,4501.935160,2834.821493,2.801658,1.264551,4.066209
6999,4447.657208,2602.206857,2.854859,1.295130,4.149989
7199,4410.852311,3122.680897,2.909505,1.325722,4.235227
7399,4357.995194,2455.138982,2.969110,1.359051,4.328161
7599,4317.342593,2813.196360,3.023593,1.391400,4.414993
7799,4292.966543,3366.676627,3.096308,1.421525,4.517833
7999,4253.039016,2695.865478,3.151070,1.451981,4.603051
8199,4206.596503,2348.895998,3.204322,1.481403,4.685724
8399,4169.558656,2651.006910,3.263325,1.514648,4.777973
8599,4135.537259,2706.638573,3.322752,1.548643,4.871395
8799,4111.008857,3056.287604,3.401091,1.579655,4.980745
8999,4089.596747,3147.463896,3.457811,1.610945,5.068756
9199,4066.389473,3022.062159,3.511583,1.641447,5.153030
9399,4040.985207,2872.388957,3.570607,1.674140,5.244746
9599,4022.240565,3141.242378,3.626601,1.704650,5.331251
9799,3993.040713,2591.447815,3.701544,1.735482,5.437026
9999,3966.551114,2668.560786,3.761426,1.768874,5.530300
10199,3932.840359,2247.302604,3.818454,1.801204,5.619658
10399,3903.006497,2381.479499,3.875442,1.832916,5.708359
10599,3878.257186,2591.293052,3.944415,1.880869,5.825284
10799,3850.063173,2355.780459,4.103162,1.918933,6.022095
10999,3824.663837,2453.099722,4.161708,1.951752,6.113460
11199,3794.198008,2118.577414,4.225347,1.987812,6.213159
11399,3760.589497,1878.512838,4.290029,2.027006,6.317035
11599,3730.200872,1998.049290,4.344215,2.057334,6.401549
11799,3698.128299,1837.919065,4.417782,2.089238,6.507019
11999,3667.501190,1860.501726,4.476266,2.121043,6.597309
12199,3634.773980,1671.141412,4.533474,2.153248,6.686722
12399,3612.307193,2241.833167,4.599164,2.191476,6.790640
12599,3584.897854,1885.518829,4.656181,2.223552,6.879733
12799,3563.056976,2187.081698,4.727777,2.254327,6.982103
12999,3535.682367,1783.707363,4.896400,2.287374,7.183774
13199,3515.746035,2219.884425,4.974866,2.321138,7.296004
13399,3493.814477,2046.331654,5.054330,2.355972,7.410301
13599,3477.305375,2371.195548,5.111635,2.387355,7.498990
13799,3458.392364,2172.307659,5.169857,2.419628,7.589485
13999,3448.874141,2792.116735,5.353721,2.454259,7.807980
14199,3454.150743,3823.512858,5.422081,2.487960,7.910041
14399,3450.200309,3169.719547,5.489274,2.520250,8.009525
14599,3450.814964,3495.070086,5.548279,2.554053,8.102331
14799,3443.219313,2888.736771,5.605551,2.586741,8.192292
14999,3440.606239,3247.238756,5.673719,2.619831,8.293550
15199,3436.930205,3161.227694,5.730846,2.651131,8.381976
15399,3427.308836,2696.084820,5.786232,2.681797,8.468029
15599,3427.632257,3452.535630,5.844947,2.713985,8.558932
15799,3432.433771,3806.951872,5.913171,2.754721,8.667892
15999,3437.688117,3852.781456,5.984125,2.788957,8.773082
16199,3426.431654,2525.914625,6.044662,2.821955,8.866617
16399,3419.344666,2845.298626,6.101261,2.853823,8.955084
16599,3419.899173,3465.368733,6.160646,2.886857,9.047503
16799,3412.915840,2833.299207,6.219606,2.919410,9.139015
16999,3406.028570,2827.497924,6.291079,2.953004,9.244083
17199,3399.271777,2824.944336,6.352866,2.988303,9.341169
17399,3388.378564,2451.562270,6.410301,3.019709,9.430010
17599,3389.187385,3459.554830,6.469017,3.051801,9.520817
17799,3378.263894,2416.996677,6.538676,3.092778,9.631454
17999,3370.578518,2686.580028,6.632208,3.140198,9.772406
18199,3362.445497,2630.473566,6.696458,3.177418,9.873875
18399,3351.170726,2325.166578,6.754673,3.209386,9.964059
18599,3345.622278,2835.165114,6.812564,3.241712,10.054276
18799,3340.506551,2864.743897,6.878043,3.279390,10.157433
18999,3336.008291,2913.171866,6.953202,3.314535,10.267737
19199,3324.638841,2244.541136,7.009583,3.345666,10.355249
19399,3318.020438,2682.653726,7.070178,3.379240,10.449418
19599,3308.661940,2400.887612,7.130414,3.412727,10.543141
19799,3305.852701,3030.547316,7.191419,3.447506,10.638926
19999,3296.997087,2420.291251,7.270945,3.484429,10.755374
20199,3286.501582,2236.951102,7.337545,3.525446,10.862991
20399,3277.451127,2363.355210,7.394511,3.556396,10.950907
20599,3263.750749,1866.312152,7.450909,3.587430,11.038339
20799,3256.518987,2511.647498,7.510750,3.620144,11.130894
20999,3246.797942,2235.809248,7.581868,3.652116,11.233984
21199,3238.566732,2374.289726,7.642070,3.684769,11.326839
21399,3229.901930,2311.432843,7.700511,3.717208,11.417719
21599,3224.720807,2670.340733,7.761687,3.750133,11.511821
21799,3216.097973,2284.831846,7.820983,3.783534,11.604516
21999,3209.244103,2462.172257,7.896287,3.816115,11.712402
22199,3198.775328,2047.210139,7.961319,3.853623,11.814942
22399,3191.603759,2395.559562,8.022581,3.887643,11.910223
22599,3181.522324,2052.401565,8.079574,3.919005,11.998578
22799,3173.707940,2290.682643,8.140335,3.952515,12.092850
22999,3167.577798,2468.741520,8.215874,3.984576,12.200450
23199,3161.827131,2500.500426,8.273698,4.016159,12.289857
23399,3153.405366,2176.480686,8.526428,4.047940,12.574368
23599,3141.308554,1725.981489,8.589847,4.077816,12.667663
23799,3132.824057,2131.653407,8.649810,4.111821,12.761631
23999,3122.108922,1847.007845,8.838468,4.146416,12.984885
24199,3108.051774,1421.194044,8.896126,4.178574,13.074700
24399,3098.382740,1928.429667,8.954312,4.210480,13.164792
24599,3087.678935,1781.814716,9.027207,4.241255,13.268462
24799,3078.360504,1932.193441,9.088537,4.274628,13.363165
24999,3067.485131,1718.938946,9.144948,4.305983,13.450931
25199,3056.563987,1691.421008,9.203987,4.340046,13.544032
25399,3046.192167,1739.342841,9.265710,4.374194,13.639904
25599,3034.755470,1582.294929,9.346834,4.408009,13.754842
25799,3024.708503,1738.696655,9.403614,4.440097,13.843711
25999,3017.223106,2051.606937,9.463596,4.473867,13.937463
26199,3006.839969,1657.032180,9.521332,4.506223,14.027555
26399,2997.153100,1728.173266,9.578445,4.537215,14.115660
26599,2987.838225,1758.274680,9.656344,4.569720,14.226063
26799,2976.506961,1469.448860,9.711739,4.600713,14.312453
26999,2965.795613,1530.474963,9.769174,4.632972,14.402146
27199,2956.693230,1727.871567,9.827916,4.665047,14.492963
27399,2947.898491,1751.813918,9.883704,4.696269,14.579973
27599,2938.299092,1623.181528,9.961916,4.728025,14.689942
27799,2927.095991,1381.068002,10.018163,4.759653,14.777816
27999,2921.213276,2103.515879,10.201336,4.792681,14.994017
28199,2913.166639,1786.637453,10.265037,4.823620,15.088657
28399,2908.543511,2256.682521,10.321900,4.855159,15.177058
28599,2902.260361,2010.052978,10.389479,4.886979,15.276457
28799,2896.444561,2064.785206,10.450000,4.920159,15.370158
28999,2889.615898,1906.288411,10.516289,4.957445,15.473735
29199,2884.130771,2088.787425,10.573594,4.989984,15.563579
29399,2878.403342,2042.198638,10.629203,5.020137,15.649340
29599,2871.506852,1857.722837,10.698440,5.050975,15.749415
29799,2870.370257,2702.154279,10.755856,5.082961,15.838817
29999,2866.350536,2267.412030,10.809033,5.112634,15.921667
30199,2861.372036,2114.597121,10.865216,5.143896,16.009112
30399,2856.892971,2180.554040,10.922243,5.174369,16.096612
30599,2851.937219,2098.662941,11.160864,5.211459,16.372324
30799,2845.590366,1874.521812,11.215496,5.242378,16.457874
30999,2837.700251,1622.622607,11.275917,5.279091,16.555008
31199,2831.079350,1804.839751,11.339778,5.316913,16.656691
31399,2824.910383,1862.551435,11.399989,5.351374,16.751363
31599,2819.337640,1944.417098,11.483815,5.382818,16.866633
31799,2815.398499,2193.014086,11.541024,5.414449,16.955473
31999,2808.761207,1753.431906,11.596467,5.444793,17.041260
32199,2804.339079,2096.798454,11.670861,5.489716,17.160577
32399,2797.768802,1739.954349,11.731802,5.524601,17.256402
32599,2793.513631,2104.175891,11.808332,5.555934,17.364266
32799,2786.209403,1595.620243,11.862783,5.586361,17.449145
32999,2780.099584,1778.089203,11.938183,5.635624,17.573807
33199,2774.468825,1845.393657,12.005664,5.679563,17.685228
33399,2768.309580,1745.874843,12.068537,5.716223,17.784759
33599,2764.329069,2099.583778,12.148451,5.747782,17.896233
33799,2758.504631,1779.999075,12.205352,5.779829,17.985181
33999,2752.289490,1701.930619,12.272885,5.819448,18.092333
34199,2746.437006,1751.514751,12.328812,5.850115,18.178927
34399,2738.532470,1386.856710,12.498435,5.881323,18.379757
34599,2732.840391,1753.802955,12.567028,5.913341,18.480369
34799,2726.743380,1671.960354,12.622011,5.943872,18.565884
34999,2719.402888,1442.157339,12.681522,5.977050,18.658571
35199,2713.307897,1646.684543,12.737985,6.008048,18.746033
35399,2706.163159,1448.689123,12.797612,6.042943,18.840555
35599,2698.717169,1380.776953,12.874141,6.074449,18.948591
35799,2693.554488,1774.597249,12.932377,6.107464,19.039841
35999,2687.427433,1590.684729,12.990979,6.139520,19.130499
36199,2679.958085,1335.475338,13.047957,6.170289,19.218246
36399,2674.597130,1704.264294,13.103365,6.200780,19.304145
36599,2667.212648,1323.236856,13.181036,6.234216,19.415252
36799,2661.657674,1645.097482,13.237233,6.266703,19.503936
36999,2655.555777,1532.806705,13.295639,6.299147,19.594786
37199,2649.255005,1483.612335,13.350533,6.329309,19.679841
37399,2643.166142,1510.637452,13.410370,6.363594,19.773964
37599,2636.971877,1478.644335,13.487240,6.396614,19.883854
37799,2629.164385,1161.355955,13.541473,6.426513,19.967985
37999,2622.780764,1416.276483,13.600984,6.459518,20.060502
38199,2616.312228,1387.290232,13.660118,6.492074,20.152192
38399,2611.207840,1636.269747,13.717114,6.523556,20.240670
38599,2604.195065,1257.742420,13.977861,6.555444,20.533305
38799,2598.431909,1486.142786,14.035252,6.587778,20.623030
38999,2594.190124,1771.283805,14.091141,6.618900,20.710041
39199,2587.311802,1246.039005,14.156058,6.654932,20.810990
39399,2581.140087,1371.483844,14.213911,6.687680,20.901591
39599,2575.330646,1430.870855,14.298571,6.721752,21.020323
39799,2571.017874,1717.088900,14.355292,6.753499,21.108791
39999,2565.443934,1456.230044,14.411497,6.784363,21.195860
40199,2560.230958,1517.635657,14.467971,6.815235,21.283206
40399,2554.086371,1319.024472,14.525941,6.847158,21.373099
40599,2549.175292,1557.137337,14.606052,6.877148,21.483200
40799,2542.666727,1221.428017,14.662838,6.907993,21.570831
40999,2536.090871,1194.616224,14.718610,6.938720,21.657330
41199,2531.648875,1621.039606,14.781613,6.974395,21.756008
41399,2525.874877,1336.431449,14.843512,7.009079,21.852591
41599,2520.892111,1489.459447,15.000086,7.041490,22.041576
41799,2515.572663,1409.127441,15.067205,7.072303,22.139507
41999,2510.296851,1407.652108,15.126126,7.104607,22.230733
42199,2504.931285,1378.162423,15.186888,7.138775,22.325663
42399,2502.357130,1959.210455,15.243775,7.170599,22.414374
42599,2498.226102,1622.448223,15.301701,7.201979,22.503680
42799,2494.155792,1627.179713,15.373262,7.234606,22.607868
42999,2489.668720,1529.435350,15.430401,7.266193,22.696593
43199,2484.703735,1417.231901,15.492972,7.301173,22.794146
43399,2482.252626,1952.813162,15.551142,7.333729,22.884872
43599,2478.586802,1683.103078,15.608902,7.365496,22.974398
43799,2473.741439,1417.452167,15.683641,7.399054,23.082695
43999,2469.301888,1497.040194,15.741990,7.431037,23.173027
44199,2466.305602,1807.122756,15.796649,7.461336,23.257985
44399,2461.129135,1317.129840,15.856325,7.494149,23.350474
44599,2457.043152,1549.955103,15.915579,7.526881,23.442460
44799,2452.549031,1450.360046,15.989144,7.558372,23.547516
44999,2448.345044,1506.651827,16.048773,7.590938,23.639711
45199,2444.027729,1472.631939,16.105497,7.622314,23.727810
45399,2439.918157,1511.154768,16.191665,7.679000,23.870665
45599,2436.282732,1611.041250,16.246074,7.709256,23.955330
45799,2432.056298,1468.429363,16.315139,7.738341,24.053481
45999,2428.564132,1628.858132,16.375454,7.771413,24.146867
46199,2423.375687,1230.033442,16.431744,7.803077,24.234821
46399,2419.055176,1421.017063,16.490059,7.834983,24.325041
46599,2415.324098,1549.714079,16.549941,7.868065,24.418006
46799,2411.587271,1540.906595,16.626763,7.900328,24.527091
46999,2407.692327,1496.275366,16.682612,7.931262,24.613874
47199,2402.823282,1258.597782,16.742085,7.963868,24.705952
47399,2398.324756,1336.672561,16.803143,7.997226,24.800368
47599,2394.737250,1544.498396,16.864366,8.030905,24.895270
47799,2390.863589,1468.932157,16.939918,8.062975,25.002893
47999,2386.711104,1394.267101,17.008020,8.101969,25.109989
48199,2383.313477,1567.883048,17.078293,8.146943,25.225236
48399,2379.951838,1569.796809,17.138470,8.181343,25.319813
48599,2375.913505,1398.636987,17.201165,8.215796,25.416960
48799,2371.557698,1313.096702,17.286145,8.257883,25.544027
48999,2367.806829,1452.594643,17.352806,8.296197,25.649002
49199,2364.479656,1549.322214,17.412412,8.330781,25.743193
49399,2359.271022,1077.947065,17.471078,8.362888,25.833965
49599,2355.739634,1483.486775,17.534972,8.397714,25.932685
49799,2351.998714,1424.250743,17.611562,8.429638,26.041200
49999,2348.305510,1428.697719,17.670220,8.462026,26.132246
50199,2344.390545,1365.649295,17.730565,8.495881,26.226446
50399,2341.660095,1656.317116,17.788159,8.527220,26.315379
50599,2338.452972,1530.257956,17.846642,8.559208,26.405850
50799,2334.369295,1301.198903,17.931904,8.596341,26.528245
50999,2331.544968,1614.166057,18.187531,8.630855,26.818386
51199,2329.708805,1861.487235,18.254385,8.662815,26.917199
51399,2328.913647,2125.353172,18.310571,8.693131,27.003702
51599,2327.867685,2059.055400,18.366435,8.724436,27.090870
51799,2325.268675,1654.724063,18.435436,8.757823,27.193258
51999,2323.642167,1902.376636,18.492639,8.789586,27.282225
52199,2321.775579,1836.462636,18.554467,8.825125,27.379592
52399,2318.809724,1544.721721,18.613685,8.858814,27.472499
52599,2317.066173,1860.255716,18.669258,8.889486,27.558744
52799,2315.375068,1870.614355,18.738411,8.920571,27.658982
52999,2313.948406,1937.309681,18.795161,8.952466,27.747627
53199,2312.757512,1997.170725,18.854436,8.985629,27.840065
53399,2311.905828,2085.357939,18.911154,9.017868,27.929022
53599,2309.271693,1605.957650,18.966859,9.047957,28.014816
53799,2307.916054,1944.604784,19.040145,9.079846,28.119992
53999,2305.860037,1752.791378,19.097080,9.111225,28.208305
54199,2302.990711,1528.272712,19.155289,9.144371,28.299660
54399,2301.658895,1940.736853,19.212462,9.175397,28.387859
54599,2300.136637,1886.082421,19.270291,9.206979,28.477270
54799,2298.036002,1724.562520,19.342801,9.239004,28.581806
54999,2295.920898,1716.382530,19.398957,9.269877,28.668834
55199,2292.259056,1285.252327,19.580795,9.302424,28.883219
55399,2290.635666,1842.580049,19.657957,9.335553,28.993510
55599,2289.090329,1861.031998,19.712622,9.365965,29.078588
55799,2289.350991,2361.814990,19.795837,9.401519,29.197356
55999,2286.603729,1520.117868,19.853112,9.432607,29.285719
56199,2285.158313,1880.441676,19.909216,9.463899,29.373114
56399,2283.144915,1717.380204,19.969384,9.497172,29.466556
56599,2280.581131,1557.593896,20.026391,9.527879,29.554270
56799,2278.618976,1723.329128,20.110566,9.563133,29.673699
56999,2276.401381,1646.604406,20.166124,9.594682,29.760806
57199,2275.494185,2016.943225,20.225596,9.627767,29.853363
57399,2273.080099,1582.651650,20.281617,9.658692,29.940309
57599,2271.123906,1709.696415,20.338199,9.689845,30.028044
57799,2269.157452,1702.818908,20.424577,9.725098,30.149674
57999,2267.119465,1678.141055,20.485157,9.758296,30.243453
58199,2264.665722,1553.080303,20.544558,9.791119,30.335676
58399,2262.413796,1607.103439,20.601278,9.822647,30.423925
58599,2259.661438,1455.972846,20.656706,9.853192,30.509899
58799,2257.281406,1559.931949,20.809855,9.883399,30.693254
58999,2255.938539,1861.135541,20.864731,9.914342,30.779072
59199,2253.698894,1593.003749,20.922210,9.946422,30.868632
59399,2250.809119,1395.435577,20.978943,9.977481,30.956425
59599,2249.118522,1747.011190,21.034445,10.008055,31.042500
59799,2248.950311,2198.823706,21.103407,10.038796,31.142203
59999,2246.125533,1401.516784,21.160223,10.069492,31.229715
60199,2243.793373,1544.145262,21.224854,10.105392,31.330245
60399,2241.050411,1415.418948,21.282207,10.137531,31.419737
60599,2239.358762,1728.480880,21.338609,10.168363,31.506972
60799,2238.628627,2017.397629,21.415514,10.200243,31.615757
60999,2236.841856,1693.663557,21.481239,10.238224,31.719463
61199,2235.846998,1932.415200,21.538023,10.270659,31.808682
61399,2234.913814,1949.359516,21.592871,10.300923,31.893793
61599,2232.370601,1451.604333,21.649255,10.331702,31.980957
61799,2229.856171,1455.411698,21.719243,10.361875,32.081119
61999,2227.809436,1595.368232,21.774096,10.391840,32.165935
62199,2225.758925,1590.100368,21.833480,10.424816,32.258295
62399,2223.233950,1437.966863,21.889854,10.454406,32.344260
62599,2221.171253,1577.609907,21.945410,10.484912,32.430322
62799,2219.298041,1632.982470,22.023289,10.518357,32.541646
62999,2217.369225,1611.720989,22.078845,10.549447,32.628292
63199,2216.049190,1800.238321,22.157962,10.598374,32.756336
63399,2214.270620,1652.242366,22.219342,10.633672,32.853015
63599,2211.716327,1402.005585,22.283246,10.670452,32.953698
63799,2209.243375,1422.844687,22.354643,10.700867,33.055510
63999,2206.770231,1417.837269,22.412980,10.732450,33.145429
64199,2204.613372,1514.418445,22.479435,10.771100,33.250535
64399,2203.513565,1850.475339,22.532861,10.800551,33.333411
64599,2201.715383,1622.700833,22.585287,10.829428,33.414715
64799,2199.932140,1623.944759,22.663342,10.861899,33.525241
64999,2197.794372,1505.157579,22.720190,10.894072,33.614262
65199,2195.549787,1466.059523,22.778120,10.926255,33.704375
65399,2192.782049,1290.499670,22.839757,10.959396,33.799152
65599,2190.644493,1491.663472,22.896075,10.990202,33.886277
65799,2188.803027,1584.802137,22.971025,11.021131,33.992156
65999,2185.498259,1098.229802,23.029341,11.053066,34.082408
66199,2182.626236,1234.858617,23.089556,11.086935,34.176490
66399,2181.264069,1730.386655,23.147967,11.119713,34.267680
66599,2179.669720,1650.345961,23.203288,11.150453,34.353740
66799,2177.060115,1308.061766,23.281906,11.181847,34.463752
66999,2175.436073,1633.005822,23.339054,11.213341,34.552394
67199,2173.877709,1651.825871,23.395111,11.243862,34.638974
67399,2172.903572,1845.593620,23.451216,11.275124,34.726340
67599,2170.304712,1294.488843,23.512205,11.309662,34.821868
67799,2168.616487,1597.996256,23.586595,11.340816,34.927410
67999,2166.462254,1436.177555,23.646698,11.373314,35.020011
68199,2163.813070,1263.090238,23.703811,11.404276,35.108087
68399,2161.223910,1278.320404,23.762645,11.436534,35.199179
68599,2159.562717,1591.434704,23.821529,11.468316,35.289845
68799,2157.730348,1529.227875,23.905255,11.501992,35.407246
68999,2155.794937,1490.013444,23.962927,11.534920,35.497847
69199,2153.976886,1526.749233,24.019370,11.565961,35.585331
69399,2152.073245,1493.413646,24.076786,11.597611,35.674396
69599,2151.033842,1790.361018,24.140271,11.632736,35.773007
69799,2148.446980,1248.219065,24.219218,11.666540,35.885757
69999,2146.303979,1398.396541,24.280633,11.700718,35.981350
70199,2144.833489,1630.161898,24.341248,11.734306,36.075555
70399,2143.245745,1585.947688,24.399473,11.765756,36.165229
70599,2143.390476,2194.335824,24.456853,11.797107,36.253961
70799,2141.418580,1445.339256,24.536187,11.828309,36.364496
70999,2139.834104,1578.929676,24.591756,11.858775,36.450530
71199,2137.937262,1464.558203,24.647012,11.888825,36.535837
71399,2136.187443,1513.251784,24.706129,11.920776,36.626905
71599,2134.260833,1446.461291,24.767697,11.957077,36.724774
71799,2132.826000,1619.155804,24.848916,11.990959,36.839875
71999,2131.215592,1553.079069,24.909312,12.023290,36.932602
72199,2128.854843,1278.985305,24.965423,12.054232,37.019655
72399,2127.032760,1469.260543,25.025153,12.086778,37.111931
72599,2125.783283,1673.472730,25.082917,12.118710,37.201627
72799,2124.579989,1687.784412,25.164258,12.151127,37.315385
72999,2122.885362,1506.040981,25.223167,12.184221,37.407388
73199,2121.490130,1612.230491,25.279812,12.214972,37.494783
73399,2119.979361,1567.037910,25.335103,12.245640,37.580743
73599,2117.788696,1313.814634,25.392646,12.278057,37.670703
73799,2115.928285,1431.296875,25.478456,12.311313,37.789769
73999,2114.447635,1568.088047,25.536235,12.342764,37.878999
74199,2112.679151,1458.340019,25.592844,12.373985,37.966829
74399,2110.952157,1470.237325,25.652750,12.406435,38.059185
74599,2108.729788,1282.008312,25.711423,12.438559,38.149983
74799,2106.621053,1320.063212,25.870646,12.471305,38.341951
74999,2105.042291,1514.585148,25.928918,12.502896,38.431814
75199,2102.515974,1155.147266,25.995268,12.539115,38.534384
75399,2100.853575,1475.791477,26.052020,12.569920,38.621940
75599,2098.759705,1309.370477,26.111495,12.602723,38.714218
75799,2096.958590,1416.137406,26.186840,12.636435,38.823276
75999,2094.961144,1337.928993,26.248825,12.670658,38.919483
76199,2093.144177,1402.696869,26.305323,12.702165,39.007489
76399,2090.825945,1207.579447,26.360481,12.732549,39.093030
76599,2088.581938,1231.371301,26.417019,12.763487,39.180506
76799,2086.721294,1374.094686,26.489763,12.795172,39.284935
76999,2085.078639,1454.299135,26.546004,12.826314,39.372318
77199,2083.646932,1532.439680,26.601314,12.856213,39.457527
77399,2081.582550,1284.731069,26.662374,12.890440,39.552814
77599,2079.252401,1177.484835,26.725219,12.923701,39.648920
77799,2077.391851,1355.498440,26.799128,12.956873,39.756002
77999,2075.403160,1301.802179,26.862706,12.993745,39.856451
78199,2073.345858,1270.997922,26.943356,13.043842,39.987198
78399,2071.181923,1225.083355,27.013320,13.085049,40.098369
78599,2068.970220,1201.982912,27.075726,13.120886,40.196611
78799,2067.217928,1378.567125,27.147938,13.151402,40.299341
78999,2065.846240,1525.401004,27.214495,13.195276,40.409771
79199,2064.363808,1478.803201,27.281607,13.235057,40.516664
79399,2062.479293,1316.211439,27.338053,13.265626,40.603679
79599,2060.203220,1156.602363,27.395254,13.297303,40.692557
79799,2058.641085,1436.911175,27.471410,13.330905,40.802315
79999,2057.304438,1523.982488,27.534075,13.366970,40.901044
80199,2055.986033,1528.623950,27.593681,13.399983,40.993665
80399,2054.284450,1371.949555,27.653251,13.432987,41.086238
80599,2052.641302,1392.095930,27.710784,13.464590,41.175374
80799,2050.622560,1237.069276,27.784377,13.494945,41.279322
80999,2048.762223,1297.186257,27.845954,13.530323,41.376276
81199,2047.433510,1509.304633,27.902857,13.561375,41.464232
81399,2045.906363,1425.884735,27.961062,13.595202,41.556263
81599,2043.752674,1167.201227,28.019723,13.627077,41.646800
81799,2041.464666,1107.957533,28.095245,13.659289,41.754534
81999,2040.163025,1507.791711,28.153052,13.691163,41.844215
82199,2038.697355,1437.772792,28.209786,13.722382,41.932167
82399,2037.443769,1522.219947,28.269366,13.754732,42.024098
82599,2035.478833,1225.925300,28.326743,13.785908,42.112650
82799,2034.130569,1477.297377,28.400923,13.817512,42.218434
82999,2033.608826,1817.607037,28.456477,13.847372,42.303849
83199,2032.167559,1434.041910,28.516260,13.879956,42.396215
83399,2029.746425,1022.554823,28.576998,13.913620,42.490619
83599,2028.653112,1572.741326,28.637265,13.945521,42.582786
83799,2027.456816,1527.405409,28.925939,13.976434,42.902373
83999,2026.352111,1563.480604,28.994875,14.008532,43.003407
84199,2025.093937,1496.660746,29.053053,14.040116,43.093169
84399,2023.741692,1454.446384,29.112818,14.072702,43.185520
84599,2021.995596,1285.143361,29.168071,14.103093,43.271164
84799,2021.027979,1611.726002,29.224943,14.134082,43.359024
84999,2019.983165,1576.981956,29.298252,14.166248,43.464501
85199,2018.679160,1464.476826,29.354843,14.197828,43.552671
85399,2017.768211,1629.704284,29.411285,14.228835,43.640121
85599,2016.705235,1562.814263,29.473612,14.262662,43.736275
85799,2015.273572,1402.522090,29.531130,14.294001,43.825131
85999,2014.614922,1732.053732,29.601758,14.323663,43.925421
86199,2013.145622,1381.346806,29.661380,14.356103,44.017484
86399,2011.481421,1294.210767,29.718328,14.387008,44.105336
86599,2009.740350,1257.597700,29.775113,14.418913,44.194026
86799,2008.247881,1362.008691,29.834399,14.451699,44.286098
86999,2006.754783,1358.750462,29.909112,14.484873,44.393985
87199,2006.031383,1691.352064,29.968740,14.516353,44.485093
87399,2004.908166,1515.185702,30.025068,14.547559,44.572627
87599,2003.521655,1397.616203,30.079651,14.577458,44.657109
87799,2002.553732,1578.603478,30.142033,14.613124,44.755157
87999,2001.346284,1471.276749,30.218226,14.645447,44.863673
88199,1999.970756,1394.738515,30.274322,14.676885,44.951206
88399,1999.534449,1807.122985,30.331614,14.707965,45.039579
88599,1998.214512,1414.802227,30.391511,14.740952,45.132464
88799,1996.808178,1373.802322,30.453202,14.774753,45.227955
88999,1995.883837,1585.476394,30.528703,14.806145,45.334848
89199,1994.385786,1327.752985,30.584037,14.835981,45.420018
89399,1993.317744,1516.971070,30.784936,14.867152,45.652088
89599,1992.046660,1423.872016,30.862310,14.901612,45.763922
89799,1990.912947,1483.009877,30.921344,14.933990,45.855334
89999,1989.597239,1398.844151,30.999252,14.965626,45.964878
90199,1988.498442,1494.040018,31.065284,15.003073,46.068357
90399,1988.241209,1872.228811,31.120468,15.033422,46.153890
90599,1987.124386,1482.320363,31.177729,15.064801,46.242530
90799,1986.044908,1497.041501,31.232898,15.095866,46.328765
90999,1984.805492,1422.110733,31.388452,15.129096,46.517547
91199,1984.558232,1872.055039,31.447421,15.161819,46.609240
91399,1983.620951,1556.220512,31.504338,15.193132,46.697470
91599,1982.044969,1261.821434,31.565166,15.227198,46.792364
91799,1981.180646,1585.320723,31.623921,15.259200,46.883122
91999,1980.281439,1567.545080,31.693917,15.289568,46.983485
92199,1979.289617,1523.051888,31.748760,15.320306,47.069066
92399,1978.313149,1528.161265,31.808175,15.352759,47.160934
92599,1976.847908,1299.906533,31.864558,15.383735,47.248292
92799,1975.592173,1394.186969,31.922576,15.415142,47.337718
92999,1974.654526,1539.586097,32.015059,15.461573,47.476632
93199,1973.495450,1434.525338,32.075716,15.498305,47.574021
93399,1972.300336,1415.376951,32.134892,15.531848,47.666740
93599,1970.622594,1187.117170,32.194858,15.565144,47.760002
93799,1969.239361,1321.886415,32.251963,15.595965,47.847928
93999,1968.855641,1788.890718,32.333878,15.634550,47.968427
94199,1967.933274,1534.421218,32.387431,15.663891,48.051322
94399,1966.990057,1522.734512,32.446951,15.696890,48.143840
94599,1965.501987,1263.132966,32.509951,15.732367,48.242318
94799,1964.734896,1601.900816,32.565847,15.763154,48.329001
94999,1963.746720,1495.351277,32.644037,15.797413,48.441450
95199,1962.503743,1372.089771,32.701911,15.829833,48.531745
95399,1961.388969,1430.756514,32.758904,15.861436,48.620340
95599,1960.499995,1536.459609,32.816933,15.894386,48.711319
95799,1958.797309,1144.913393,32.875219,15.926275,48.801493
95999,1957.366345,1271.934411,32.951271,15.958095,48.909366
96199,1956.039666,1319.233769,33.010129,15.989997,49.000126
96399,1955.073777,1490.481254,33.068181,16.021887,49.090068
96599,1954.006717,1439.683503,33.126516,16.053993,49.180509
96799,1953.213072,1569.882795,33.186971,16.086931,49.273902
96999,1951.786924,1261.531223,33.263039,16.119341,49.382379
97199,1951.045172,1591.295626,33.321602,16.151854,49.473455
97399,1949.921076,1403.610314,33.376193,16.181826,49.558019
97599,1948.940720,1471.507156,33.432718,16.212505,49.645223
97799,1947.404466,1197.712779,33.491863,16.245842,49.737705
97999,1946.386990,1448.840919,33.567537,16.277393,49.844930
98199,1945.345655,1435.091548,33.624349,16.308767,49.933116
98399,1944.869750,1711.200334,33.682919,16.340129,50.023048
98599,1944.275437,1651.873467,33.740680,16.371320,50.112000
98799,1943.172507,1399.428278,33.799687,16.403829,50.203516
98999,1942.255227,1489.118914,33.879040,16.438044,50.317083
99199,1941.367013,1501.701015,33.934998,16.468031,50.403029
99399,1940.013730,1268.785395,33.990989,16.498403,50.489392
99599,1939.045255,1457.712910,34.051123,16.530966,50.582089
99799,1937.462925,1149.462720,34.105885,16.561019,50.666905
99999,1936.373901,1392.950875,34.186633,16.596155,50.782789
100199,1935.493510,1495.297944,34.250014,16.632524,50.882539
100399,1934.797809,1586.251788,34.305509,16.663992,50.969500
100599,1933.754504,1410.015461,34.364778,16.695828,51.060606
100799,1932.747992,1426.472386,34.423740,16.727618,51.151358
100999,1931.400078,1252.051254,34.503976,16.760094,51.264070
101199,1930.585780,1519.365741,34.560029,16.791297,51.351326
101399,1929.189012,1222.424245,34.617257,16.822704,51.439961
101599,1928.077993,1364.791492,34.675472,16.854350,51.529822
101799,1927.151594,1456.540465,34.734223,16.886350,51.620574
101999,1926.049070,1364.864566,34.814283,16.919677,51.733960
102199,1924.716619,1245.166383,34.871051,16.950877,51.821928
102399,1923.425410,1263.617936,34.927889,16.982356,51.910246
102599,1922.816589,1611.100227,34.986854,17.013862,52.000716
102799,1921.321230,1154.201999,35.043757,17.045227,52.088984
102999,1920.542687,1520.371769,35.122744,17.076240,52.198984
103199,1919.350537,1305.393091,35.181185,17.108268,52.289453
103399,1918.193869,1321.353182,35.239651,17.140604,52.380255
103599,1917.190297,1398.343818,35.306958,17.180887,52.487845
103799,1915.998101,1298.440290,35.368287,17.214562,52.582848
103999,1916.429725,2140.442710,35.451580,17.247789,52.699369
104199,1915.228620,1290.653982,35.514546,17.282939,52.797486
104399,1913.481468,1003.215263,35.698714,17.318118,53.016832
104599,1912.366311,1330.254524,35.766220,17.350650,53.116869
104799,1911.665011,1544.885009,35.828126,17.384034,53.212160
104999,1911.612464,1884.077695,35.896853,17.416336,53.313189
105199,1911.152060,1669.440116,35.956293,17.451290,53.407583
105399,1909.857397,1228.864290,36.014270,17.485420,53.499690
105599,1909.106271,1513.262982,36.071720,17.515577,53.587297
105799,1908.340872,1504.210535,36.133585,17.550310,53.683895
105999,1907.667233,1551.311823,36.206374,17.581903,53.788278
106199,1906.820001,1457.787235,36.265215,17.614203,53.879418
106399,1906.222020,1588.693972,36.321380,17.644319,53.965700
106599,1905.297606,1413.509596,36.382334,17.677261,54.059594
106799,1904.206454,1322.622103,36.441794,17.709987,54.151781
106999,1903.683037,1624.178457,36.515319,17.742977,54.258297
107199,1902.971256,1522.168482,36.573140,17.773853,54.346993
107399,1902.157730,1466.107679,36.632017,17.806155,54.438172
107599,1901.546755,1573.453313,36.691909,17.839090,54.530999
107799,1901.146105,1685.596629,36.756390,17.876642,54.633033
107999,1900.474272,1538.356258,36.843406,17.921119,54.764525
108199,1899.607501,1431.551107,36.933231,17.981331,54.914562
108399,1898.643883,1377.326624,37.003480,18.022615,55.026095
108599,1897.523607,1290.333901,37.065401,18.059455,55.124857
108799,1896.997313,1611.219794,37.134682,18.100967,55.235649
108999,1896.515983,1634.672384,37.204337,18.130383,55.334720
109199,1895.457156,1318.396191,37.266519,18.165789,55.432308
109399,1894.546750,1397.464985,37.327898,18.200065,55.527964
109599,1893.253432,1185.808769,37.389803,18.234218,55.624021
109799,1892.542102,1502.732960,37.452363,18.268264,55.720627
109999,1891.602992,1376.031734,37.536944,18.302281,55.839225
110199,1890.673414,1379.405726,37.593036,18.333660,55.926696
110399,1891.273223,2221.767980,37.652548,18.366215,56.018762
110599,1890.278324,1341.093783,37.707597,18.397040,56.104637
110799,1889.413375,1411.096770,37.762566,18.427373,56.189940
110999,1889.203255,1772.796641,37.835229,18.457623,56.292852
111199,1888.991872,1771.674624,37.894530,18.489549,56.384079
111399,1888.278247,1491.502494,37.950812,18.519946,56.470757
111599,1887.994312,1729.842609,38.012771,18.553934,56.566706
111799,1887.921637,1847.368983,38.073198,18.587823,56.661021
111999,1886.792193,1255.433248,38.152012,18.622313,56.774325
112199,1886.546400,1748.902170,38.211451,18.654211,56.865662
112399,1886.106119,1639.108244,38.268898,18.685880,56.954779
112599,1885.188350,1369.402403,38.326538,18.718116,57.044654
112799,1885.618660,2127.882998,38.384597,18.749559,57.134156
112999,1884.980081,1524.821604,38.460525,18.781846,57.242371
113199,1884.921764,1851.972459,38.519279,18.814110,57.333389
113399,1884.099328,1418.600719,38.579086,18.846876,57.425962
113599,1885.495780,2677.284355,38.636839,18.878481,57.515320
113799,1884.887171,1539.197208,38.696004,18.911563,57.607567
113999,1884.943591,1917.046145,38.775350,18.944803,57.720153
114199,1885.397092,2143.892905,38.833879,18.976994,57.810873
114399,1884.365328,1295.228238,38.891631,19.007825,57.899456
114599,1884.942879,2215.301984,38.947885,19.038538,57.986423
114799,1886.590002,2830.391333,39.004665,19.069333,58.073998
114999,1886.637781,1914.062979,39.087560,19.100980,58.188540
115199,1887.749999,2527.275507,39.148583,19.133714,58.282297
115399,1886.837153,1361.037611,39.208159,19.166124,58.374283
115599,1886.808837,1870.470757,39.262856,19.196337,58.459193
115799,1887.470946,2270.169964,39.320817,19.227948,58.548765
115999,1888.571514,2525.800053,39.400037,19.259658,58.659695
116199,1888.937931,2101.459734,39.457171,19.291325,58.748496
116399,1888.519737,1645.549480,39.512593,19.321959,58.834551
116599,1888.943636,2135.652768,39.569218,19.352956,58.922175
116799,1891.381967,3312.928924,39.629637,19.386236,59.015873
116999,1891.952454,2225.116527,39.708594,19.418054,59.126648
117199,1892.743295,2355.385436,39.764168,19.449426,59.213594
117399,1892.104350,1517.682662,39.822074,19.481346,59.303420
117599,1894.493862,3297.137369,39.881020,19.512893,59.393912
117799,1897.216428,3498.085220,39.937674,19.543700,59.481374
117999,1898.172639,2461.380656,40.015306,19.574751,59.590057
118199,1899.668056,2781.964628,40.081461,19.611057,59.692519
118399,1901.925929,3236.328591,40.136406,19.640892,59.777299
118599,1905.348114,3931.281738,40.191626,19.670947,59.862574
118799,1908.814804,3964.561633,40.250483,19.702580,59.953063
118999,1912.392850,4037.752201,40.335097,19.737415,60.072512
119199,1913.616147,2641.478297,40.394448,19.770158,60.164606
119399,1915.110337,2805.647620,40.452240,19.801493,60.253733
119599,1921.446542,5704.160722,40.508236,19.832322,60.340558
119799,1925.020387,4062.179346,40.565329,19.864022,60.429352
119999,1930.848783,5422.058397,40.645854,19.895973,60.541827
120199,1937.414109,5876.609627,40.701001,19.926527,60.627528
120399,1942.878091,5226.731294,40.766492,19.963061,60.729553
120599,1945.420791,3476.126060,40.826401,19.995436,60.821837
120799,1952.959427,6498.756802,40.882749,20.025929,60.908678
120999,1958.244121,5150.199396,41.034363,20.060277,61.094640
121199,1965.664793,6455.171261,41.105791,20.093731,61.199522
121399,1976.737485,8686.789326,41.283032,20.126632,61.409664
121599,1987.638269,8604.414092,41.354553,20.157839,61.512392
121799,1998.114039,8367.381953,41.663927,20.216548,61.880475
121999,2017.413448,13770.753418,41.752554,20.268897,62.021451
122199,2033.625617,11923.048742,41.899587,20.317305,62.216892
122399,2052.360657,13499.470173,42.005154,20.363962,62.369115
122599,2072.967418,14684.305159,42.178526,20.409537,62.588062
122799,2096.332121,16418.895152,42.319201,20.462041,62.781242
122999,2126.195006,20462.006300,42.391844,20.502734,62.894577
123199,2150.855765,17317.222631,42.506430,20.538077,63.044507
123399,2187.917640,25018.032572,42.644309,20.571944,63.216253
123599,2224.470781,24777.758900,42.721205,20.608663,63.329868
123799,2254.101250,20565.730910,42.832035,20.642160,63.474195
123999,2279.696909,18123.409647,42.888049,20.672899,63.560948
124199,2303.048599,16781.096621,43.016366,20.704950,63.721316
124399,2321.677335,13890.122252,43.094881,20.743153,63.838034
124599,2345.988492,17467.528314,43.166469,20.777591,63.944060
124799,2368.805480,16583.788878,43.372868,20.810179,64.183047
124999,2394.738540,18576.967887,43.445588,20.853715,64.299303
125199,2417.375215,16565.297319,43.517197,20.891523,64.408720
125399,2446.966616,20971.183356,43.573218,20.924342,64.497560
125599,2475.570255,20410.051859,43.627611,20.954586,64.582198
125799,2501.274789,18643.722537,43.694994,20.988003,64.682997
125999,2526.518229,18404.641999,43.759890,21.026711,64.786601
126199,2555.545717,20842.863220,43.817894,21.059886,64.877780
126399,2581.120281,18718.670184,43.873457,21.091123,64.964579
126599,2608.439331,19874.078524,43.929407,21.122421,65.051827
126799,2632.994949,18176.701372,44.004087,21.157623,65.161710
126999,2663.237834,21837.226858,44.058957,21.188668,65.247625
127199,2686.636233,17544.619498,44.232740,21.221915,65.454655
127399,2706.850089,15562.862944,44.287121,21.252650,65.539771
127599,2728.825325,16727.050249,44.346921,21.285965,65.632886
127799,2751.485676,17208.789597,44.423083,21.319636,65.742719
127999,2778.532904,20061.711815,44.481182,21.351881,65.833064
128199,2802.348325,18044.217566,44.668545,21.383904,66.052449
128399,2818.619960,13248.738356,44.733691,21.415789,66.149480
128599,2833.201498,12194.548580,44.791105,21.447555,66.238660
128799,2853.517225,15916.529937,44.858896,21.480015,66.338911
128999,2871.717815,14592.897766,44.920193,21.515317,66.435510
129199,2885.110604,11523.459291,44.975358,21.546777,66.522135
129399,2900.021412,12532.403686,45.030408,21.577340,66.607748
129599,2915.516387,12940.764826,45.087847,21.609583,66.697430
129799,2929.061278,11706.150509,45.158932,21.642489,66.801420
129999,2943.820555,12522.591767,45.219741,21.677190,66.896930
130199,2955.210519,10358.687058,45.276143,21.708867,66.985010
130399,2968.605577,11688.788532,45.333980,21.740460,67.074440
130599,2978.128731,9187.224596,45.389174,21.771531,67.160705
130799,2992.197166,12178.885349,45.462084,21.803721,67.265805
130999,3005.410154,11646.704199,45.520280,21.836151,67.356431
131199,3017.083463,10663.101120,45.576637,21.867440,67.444077
131399,3028.903900,10783.110322,45.632378,21.898869,67.531247
131599,3042.618739,12053.268287,45.689085,21.930002,67.619087
131799,3050.711689,8375.872690,45.926705,21.960958,67.887663
131999,3061.311935,10046.873794,45.983871,21.993000,67.976870
132199,3069.346979,8372.476173,46.244988,22.024904,68.269892
132399,3079.078325,9511.498208,46.317390,22.057726,68.375116
132599,3089.815603,10197.893332,46.385558,22.088508,68.474066
132799,3097.158504,7965.501957,46.441183,22.119936,68.561118
132999,3107.342623,9869.597990,46.636126,22.151149,68.787276
133199,3117.314266,9748.456915,46.750088,22.183456,68.933544
133399,3134.244108,14409.518495,46.813723,22.213984,69.027707
133599,3145.227243,10470.978697,46.870482,22.245365,69.115847
133799,3157.912372,11631.578308,46.928499,22.277949,69.206448
133999,3167.788378,9774.836651,46.996706,22.311212,69.307918
134199,3181.440112,12328.101880,47.054821,22.343318,69.398140
134399,3193.607009,11357.594785,47.114860,22.377912,69.492772
134599,3204.974124,10843.674869,47.176443,22.412235,69.588678
134799,3215.863038,10544.102778,47.234038,22.444043,69.678081
134999,3226.590162,10456.671469,47.304927,22.477396,69.782323
135199,3238.654397,11382.013008,47.363605,22.512027,69.875632
135399,3249.587422,10640.312643,47.554101,22.545503,70.099604
135599,3257.072322,8324.349242,47.628378,22.592784,70.221161
135799,3264.682958,8424.694259,47.686087,22.624338,70.310425
135999,3274.012404,9608.705945,47.761183,22.656208,70.417391
136199,3283.392248,9661.686595,47.820380,22.690056,70.510436
136399,3292.048968,9187.274829,47.880882,22.724114,70.604995
136599,3303.055457,10809.481305,47.942866,22.757974,70.700840
136799,3311.388761,9003.035039,48.001888,22.791241,70.793129
136999,3318.918057,8468.956768,48.097682,22.836121,70.933803
137199,3328.498539,9891.129011,48.161982,22.874720,71.036702
137399,3338.607042,10273.039827,48.220179,22.907791,71.127970
137599,3350.070798,11225.670848,48.276775,22.939055,71.215830
137799,3353.626425,5799.898232,48.486639,22.973929,71.460568
137999,3361.464791,8762.099070,48.566850,23.015996,71.582846
138199,3367.952555,7844.509424,48.642535,23.064287,71.706822
138399,3373.173035,6980.524507,48.701185,23.098211,71.799396
138599,3376.250122,5505.594958,48.756399,23.129633,71.886032
138799,3382.999501,8060.318610,48.817859,23.164788,71.982648
138999,3389.564650,7945.778196,48.890479,23.196659,72.087138
139199,3394.389404,6747.593418,48.945582,23.227412,72.172994
139399,3399.164136,6722.377471,49.004904,23.261672,72.266577
139599,3404.866002,7379.067134,49.059697,23.292328,72.352025
139799,3409.724986,6801.295359,49.117296,23.324342,72.441638
139999,3416.614414,8232.324522,49.191121,23.355074,72.546196
140199,3421.340823,6729.827057,49.377628,23.387494,72.765122
140399,3425.502114,6342.567508,49.453196,23.419811,72.873007
140599,3432.128170,8083.619524,49.508532,23.450846,72.959378
140799,3435.558164,5846.843914,49.565589,23.482700,73.048289
140999,3440.007131,6572.079458,49.643258,23.515281,73.158539
141199,3444.705225,6756.861935,49.698642,23.546412,73.245054
141399,3448.657609,6239.040700,49.753036,23.576775,73.329811
141599,3453.556122,6916.804727,49.813692,23.610295,73.423987
141799,3458.308405,6822.924485,49.870069,23.641788,73.511857
141999,3464.514822,7864.864457,50.029029,23.671885,73.700914
142199,3473.608511,9930.127961,50.102119,23.705466,73.807585
142399,3481.911352,9385.231471,50.226317,23.736684,73.963001
142599,3489.462015,8865.533745,50.296460,23.769121,74.065582
142799,3496.202410,8302.104361,50.369093,23.802772,74.171865
142999,3505.047160,9820.198828,50.427917,23.836418,74.264335
143199,3512.157288,8595.898693,50.505494,23.870274,74.375768
143399,3520.617393,9578.052202,50.560165,23.900328,74.460493
143599,3528.833090,9419.487696,50.615931,23.931062,74.546993
143799,3536.703751,9187.838531,50.676735,23.964201,74.640936
143999,3544.075871,8844.630189,50.739741,23.999835,74.739576
144199,3551.855972,9153.529073,50.814977,24.032890,74.847867
144399,3557.334920,7507.656497,50.871600,24.064762,74.936362
144599,3563.457767,7984.152607,50.931207,24.098232,75.029439
144799,3570.850568,8915.846042,50.987558,24.128987,75.116546
144999,3578.637168,9216.135456,51.044590,24.161364,75.205954
145199,3583.862154,7371.977110,51.117747,24.192679,75.310426
145399,3589.637254,7782.360192,51.174705,24.224498,75.399203
145599,3597.615765,9397.992579,51.232533,24.256266,75.488799
145799,3605.874736,9618.405927,51.292829,24.289872,75.582700
145999,3612.819308,8675.412696,51.361513,24.333171,75.694684
146199,3622.202829,10472.172993,51.442080,24.369730,75.811810
146399,3627.002107,7135.273824,51.513923,24.413140,75.927063
146599,3634.838923,9371.388800,51.581852,24.453019,76.034872
146799,3640.049568,7459.452323,51.659522,24.497844,76.157366
146999,3646.008002,8019.498371,51.731305,24.539974,76.271279
147199,3656.143994,11106.097889,51.822488,24.581854,76.404342
147399,3662.937064,8662.637056,51.877244,24.612020,76.489264
147599,3667.805918,7256.150904,51.938683,24.647271,76.585953
147799,3673.087440,7570.851121,52.024917,24.701115,76.726032
147999,3678.627870,7773.005132,52.109359,24.760639,76.869997
148199,3684.368046,7932.098721,52.186388,24.794264,76.980652
148399,3689.424712,7436.413895,52.250945,24.833375,77.084320
148599,3692.891699,6265.395837,52.318662,24.872155,77.190817
148799,3698.493999,7861.003205,52.385454,24.912001,77.297454
148999,3702.689603,6824.219206,52.575924,24.954837,77.530761
149199,3709.564257,8831.180879,52.659628,24.996217,77.655845
149399,3714.690278,7538.702260,52.732054,25.038974,77.771029
149599,3721.960045,9152.475769,52.815081,25.093528,77.908609
149799,3728.509861,8627.772454,52.916801,25.170011,78.086811
149999,3733.295825,7317.982853,52.985324,25.213163,78.198487
150199,3737.418296,6829.271744,53.080998,25.269832,78.350830
150399,3742.216422,7345.609250,53.153925,25.319132,78.473057
150599,3748.290956,8316.340216,53.223991,25.358528,78.582519
150799,3752.822475,7165.056250,53.284346,25.392374,78.676721
150999,3756.952697,6871.139736,53.350688,25.430570,78.781258
151199,3760.296290,6284.709291,53.455265,25.487204,78.942470
151399,3765.339050,7577.665849,53.515887,25.522784,79.038671
151599,3769.931209,7246.195727,53.622920,25.594004,79.216925
151799,3775.069141,7669.621619,53.691214,25.636251,79.327465
151999,3780.077238,7581.222493,53.756083,25.674273,79.430357
152199,3785.091647,7596.042444,53.832659,25.706954,79.539613
152399,3789.921594,7465.511078,53.897761,25.743806,79.641567
152599,3794.792682,7506.561891,53.971374,25.793688,79.765062
152799,3798.436000,6578.288070,54.044334,25.836994,79.881328
152999,3802.796915,7134.535341,54.113494,25.877223,79.990717
153199,3808.436503,8122.721246,54.206379,25.921957,80.128336
153399,3811.263750,5976.935244,54.275327,25.962653,80.237980
153599,3815.387751,6978.496533,54.345536,26.003637,80.349173
153799,3820.856099,8020.547226,54.416672,26.045774,80.462446
153999,3824.378076,6532.778355,54.481703,26.083195,80.564897
154199,3829.291486,7612.617044,54.580830,26.131393,80.712223
154399,3834.392392,7767.191616,54.652100,26.174543,80.826643
154599,3839.160755,7520.336731,54.719792,26.213945,80.933737
154799,3842.851373,6695.699120,54.784258,26.250976,81.035234
154999,3846.869786,6957.121119,54.852914,26.292250,81.145164
155199,3851.694761,7591.050376,54.939930,26.331780,81.271709
155399,3856.451964,7548.041639,55.014339,26.376600,81.390940
155599,3860.642038,7116.329727,55.089677,26.425344,81.515021
155799,3864.869357,7153.723247,55.162210,26.472168,81.634378
155999,3869.522729,7494.499891,55.243370,26.534507,81.777877
156199,3873.893554,7283.137151,55.350114,26.594550,81.944664
156399,3877.899404,7006.468027,55.415547,26.632777,82.048324
156599,3883.063536,7921.414962,55.524216,26.693661,82.217876
156799,3884.962548,5371.888686,55.599882,26.742919,82.342801
156999,3889.172951,7190.128606,55.692182,26.802238,82.494421
157199,3892.163728,6239.923759,55.775545,26.841704,82.617249
157399,3895.538840,6548.377257,55.834854,26.876304,82.711158
157599,3899.797062,7251.017989,55.909527,26.922033,82.831560
157799,3902.829661,6292.517229,55.980595,26.965109,82.945704
157999,3906.557145,6847.542097,56.289870,27.004155,83.294025
158199,3909.498324,6233.029996,56.365463,27.050494,83.415957
158399,3913.882243,7381.562013,56.448954,27.098970,83.547924
158599,3917.039691,6417.738725,56.511463,27.134857,83.646320
158799,3918.676268,5216.481835,56.705784,27.179957,83.885741
158999,3921.745706,6358.879470,56.790810,27.219887,84.010697
159199,3923.961337,5685.387660,56.853516,27.257254,84.110770
159399,3926.624631,6046.606791,56.938466,27.295230,84.233696
159599,3929.645242,6337.071878,57.002638,27.332350,84.334988
159799,3931.548252,5450.150384,57.068279,27.369655,84.437934
159999,3934.298128,6131.448897,57.135215,27.406846,84.542061
160199,3937.646443,6616.298499,57.197722,27.442744,84.640467
160399,3939.072538,5081.374468,57.282581,27.477806,84.760387
160599,3941.842264,6163.162640,57.346814,27.516026,84.862840
160799,3944.316731,5931.313939,57.412509,27.552768,84.965277
160999,3947.075948,6165.486120,57.472413,27.586819,85.059232
161199,3949.994886,6299.739931,57.536865,27.625362,85.162227
161399,3953.924165,7120.923106,57.624125,27.663317,85.287442
161599,3956.934850,6386.557855,57.685510,27.696560,85.382070
161799,3959.712326,6203.913214,57.751374,27.734091,85.485466
161999,3963.155790,6748.917668,57.833001,27.796692,85.629693
162199,3965.246279,5658.542957,57.922866,27.855474,85.778340
162399,3966.804539,5230.553015,58.025318,27.906016,85.931334
162599,3969.566458,6212.245035,58.095155,27.950036,86.045191
162799,3972.588088,6429.173333,58.158724,27.987942,86.146665
162999,3975.420178,6280.740851,58.225199,28.027644,86.252843
163199,3978.688241,6642.159698,58.332030,28.098474,86.430504
163399,3981.600043,6357.630634,58.436535,28.149279,86.585814
163599,3984.854192,6643.493914,58.507986,28.193758,86.701745
163799,3987.074483,5803.272570,58.580535,28.238694,86.819228
163999,3991.615406,7710.631302,58.643686,28.276397,86.920083
164199,3993.476201,5519.327819,58.706578,28.311779,87.018357
164399,3996.092538,6144.105463,58.796392,28.348494,87.144886
164599,3999.711422,6974.433937,58.861167,28.386610,87.247776
164799,4001.179566,5209.462453,58.939657,28.434419,87.374076
164999,4002.975251,5482.619663,59.007247,28.474961,87.482208
165199,4005.114983,5770.393759,59.074227,28.517351,87.591578
165399,4007.096550,5643.871130,59.259398,28.562302,87.821700
165599,4010.562802,6877.152905,59.332386,28.607089,87.939475
165799,4013.535555,6474.974619,59.402173,28.648773,88.050946
165999,4018.285305,7955.828522,59.479838,28.699114,88.178952
166199,4022.476869,7501.474795,59.549075,28.741561,88.290635
166399,4025.843414,6823.442282,59.628968,28.779434,88.408402
166599,4029.714995,7250.870917,59.699699,28.823954,88.523653
166799,4032.631076,6461.725844,59.765206,28.861705,88.626911
166999,4035.257166,6225.416845,59.825634,28.896896,88.722530
167199,4038.356139,6625.998618,59.889650,28.932316,88.821966
167399,4040.856315,6131.002952,59.968344,28.968060,88.936404
167599,4044.124973,6779.991758,60.031830,29.004261,89.036091
167799,4047.614210,6971.595235,60.099961,29.043231,89.143192
167999,4051.127532,6998.804207,60.162796,29.078476,89.241272
168199,4054.438351,6835.526559,60.224968,29.113595,89.338562
168399,4056.504302,5793.968634,60.313207,29.155203,89.468410
168599,4060.525342,7446.241090,60.382798,29.195352,89.578149
168799,4064.075638,7056.975208,60.590688,29.238627,89.829315
168999,4068.886435,8129.199577,60.800304,29.279757,90.080061
169199,4073.949571,8352.299507,60.870158,29.315080,90.185238
169399,4076.836152,6518.883295,60.930222,29.352880,90.283102
169599,4081.459342,7997.301490,61.005944,29.401475,90.407418
169799,4085.105008,7176.629792,61.074022,29.435183,90.509205
169999,4088.979969,7378.821688,61.149182,29.485270,90.634451
170199,4092.013659,6670.650164,61.219997,29.527970,90.747967
170399,4096.650781,8042.841949,61.283239,29.563096,90.846335
170599,4100.685902,7538.609126,61.342257,29.597464,90.939721
170799,4104.093626,7010.882207,61.410600,29.628225,91.038825
170999,4106.162367,5872.867072,61.469813,29.661290,91.131103
171199,4109.914338,7317.849634,61.529791,29.694841,91.224632