# TEST CONFIGURATION BEGIN
# ConceptDriftStream(alpha=0.0, drift_stream=RegressionGenerator(n_features=10, n_informative=10, n_samples=500000, n_targets=1, random_state=4), position=450000, random_state=None, stream=ConceptDriftStream(alpha=0.0, drift_stream=RegressionGenerator(n_features=10, n_informative=10, n_samples=500000, n_targets=1, random_state=3), position=400000, random_state=None... stream=ConceptDriftStream(alpha=0.0, drift_stream=RegressionGenerator(n_features=10, n_informative=10, n_samples=500000, n_targets=1, random_state=2), position=50000, random_state=None, stream=RegressionGenerator(n_features=10, n_informative=10, n_samples=500000, n_targets=1, random_state=1), width=1), width=1), width=1), width=1), width=1), width=1), width=1), width=1), width=1)
# [AXGBRegRD] AdaptiveSemiRegressorJr(detect_drift=True, learning_rate=0.3, max_buffer=None, max_depth=6, max_window_size=1000, min_window_size=1, pre_train=None, ratio_unsampled=None, small_window_size=None, unic='N')
# EvaluatePrequential(batch_size=1, data_points_for_classification=False, max_samples=500000, max_time=inf, metrics=['mean_square_error', 'running_time'], n_wait=200, output_file='exec_AXGBRegRD_abrupto1.out', pretrain_size=0, restart_stream=True, show_plot=True)
# TEST CONFIGURATION END
id,mean_mse_[AXGBRegRD],current_mse_[AXGBRegRD],training_time_[AXGBRegRD],testing_time_[AXGBRegRD],total_running_time_[AXGBRegRD]
199,15800.573508,15800.573508,0.094687,0.045864,0.140551
399,13660.050428,11519.527348,0.156587,0.091385,0.247972
599,12774.281965,11002.745038,0.225954,0.147375,0.373330
799,11652.487429,8287.103822,0.287402,0.187255,0.474657
999,11023.007642,8505.088493,0.342292,0.221119,0.563410
1199,10320.564717,6808.350093,0.395671,0.250949,0.646620
1399,9778.235343,6524.259099,0.447249,0.281866,0.729115
1599,9547.115465,7929.276319,0.510441,0.321622,0.832062
1799,9154.375579,6012.456493,0.655021,0.358231,1.013251
1999,8574.234248,3352.962268,0.718407,0.398401,1.116808
2199,8069.869999,3026.227502,0.792819,0.434062,1.226880
2399,7569.105437,2060.695266,0.958636,0.466204,1.424840
2599,7179.124420,2499.352207,1.092710,0.496927,1.589636
2799,6831.480278,2312.106439,1.152445,0.533145,1.685590
2999,6574.544998,2977.451077,1.221555,0.566906,1.788461
3199,6334.237351,2729.622648,1.381462,0.594967,1.976428
3399,6133.374728,2919.572759,1.484146,0.626894,2.111040
3599,5970.479056,3201.252632,1.548451,0.659844,2.208295
3799,5829.124427,3284.741107,1.608981,0.700616,2.309597
3999,5699.171068,3230.057239,1.667125,0.735422,2.402547
4199,5575.078420,3093.225457,1.733910,0.771295,2.505205
4399,5447.078212,2759.073847,1.782869,0.799060,2.581929
4599,5353.806076,3301.819082,1.840510,0.832944,2.673454
4799,5240.035726,2623.317683,1.890956,0.860367,2.751323
4999,5164.382182,3348.697120,1.944225,0.890311,2.834537
5199,5085.282769,3107.797444,2.008779,0.922186,2.930965
5399,5013.817832,3155.729472,2.060517,0.950568,3.011085
5599,4942.289689,3011.029833,2.108843,0.977191,3.086033
5799,4911.069868,4036.914868,2.161381,1.006098,3.167479
5999,4854.289199,3207.649796,2.219171,1.039196,3.258367
6199,4798.521402,3125.487516,2.282787,1.068063,3.350850
6399,4741.147216,2962.547439,2.339698,1.100871,3.440569
6599,4702.336803,3460.403574,2.402698,1.136645,3.539343
6799,4662.338549,3342.396181,2.464791,1.172560,3.637351
6999,4607.261773,2734.651398,2.526802,1.207133,3.733934
7199,4552.670945,2641.991944,2.595303,1.238407,3.833711
7399,4499.204347,2574.406822,2.659841,1.274738,3.934579
7599,4447.635374,2539.583379,2.732712,1.318900,4.051612
7799,4410.896945,3014.836661,2.785762,1.349953,4.135715
7999,4377.686126,3082.464185,2.845838,1.383230,4.229068
8199,4332.678100,2532.357034,2.912272,1.413272,4.325543
8399,4295.174854,2757.541798,2.983042,1.459786,4.442828
8599,4260.471414,2802.926927,3.045531,1.494597,4.540128
8799,4221.194839,2532.302084,3.111657,1.532377,4.644034
8999,4199.099943,3226.924523,3.172054,1.566314,4.738368
9199,4171.939618,2949.724995,3.244528,1.598607,4.843135
9399,4149.723766,3127.794563,3.300536,1.629157,4.929693
9599,4124.041529,2916.976412,3.357854,1.660777,5.018631
9799,4107.110908,3294.441085,3.426894,1.700387,5.127281
9999,4082.690471,2886.089057,3.494966,1.745620,5.240586
10199,4050.359537,2433.812843,3.584767,1.795466,5.380232
10399,4018.039162,2369.700060,3.658122,1.841405,5.499526
10599,4004.166829,3282.805500,3.729189,1.887815,5.617004
10799,3971.911043,2262.354393,3.797382,1.933862,5.731244
10999,3951.798982,2865.747686,3.873179,1.980848,5.854027
11199,3927.889454,2612.865427,3.961134,2.029842,5.990976
11399,3900.234096,2351.534014,4.032167,2.075730,6.107897
11599,3879.866967,2718.940652,4.113359,2.133983,6.247342
11799,3865.252597,3017.619112,4.195881,2.193401,6.389282
11999,3835.866998,2102.116659,4.262751,2.234979,6.497730
12199,3810.831698,2308.713723,4.357375,2.278726,6.636101
12399,3788.940594,2453.583214,4.433007,2.331999,6.765006
12599,3763.563027,2190.153871,4.521187,2.385507,6.906694
12799,3744.635445,2552.197811,4.611092,2.439251,7.050343
12999,3725.434753,2496.590430,4.661404,2.466819,7.128223
13199,3702.922055,2239.596730,4.734326,2.499395,7.233721
13399,3691.385518,2929.974058,4.822680,2.553637,7.376317
13599,3669.671125,2214.806806,4.911573,2.606706,7.518279
13799,3653.118907,2527.568084,5.017011,2.669642,7.686652
13999,3633.653269,2290.524243,5.103701,2.722373,7.826074
14199,3619.689276,2642.209779,5.177398,2.754923,7.932321
14399,3602.987200,2417.139804,5.230037,2.783780,8.013817
14599,3589.207990,2597.104865,5.281431,2.811791,8.093222
14799,3572.646695,2363.672134,5.357484,2.857040,8.214525
14999,3555.571921,2292.038671,5.433204,2.902221,8.335425
15199,3541.588500,2492.831905,5.530539,2.947946,8.478485
15399,3530.186859,2663.662145,5.621516,3.003790,8.625306
15599,3524.751278,3106.211511,5.704749,3.052551,8.757300
15799,3507.922283,2195.260713,5.761648,3.084959,8.846607
15999,3490.019407,2075.692145,5.820239,3.115812,8.936051
16199,3476.723326,2413.036914,5.887669,3.142592,9.030261
16399,3468.269118,2783.478262,5.943585,3.173909,9.117493
16599,3456.560920,2496.488680,5.995161,3.201727,9.196888
16799,3443.644807,2371.607379,6.051148,3.231802,9.282949
16999,3430.042420,2287.441972,6.104830,3.261369,9.366199
17199,3422.446646,2776.805864,6.178639,3.292576,9.471215
17399,3407.201833,2096.147912,6.225481,3.318501,9.543982
17599,3396.131314,2432.996139,6.274849,3.345551,9.620400
17799,3385.413665,2442.260549,6.327568,3.374042,9.701610
17999,3365.441574,1587.925484,6.500375,3.403810,9.904186
18199,3345.907919,1587.878983,6.563859,3.432880,9.996739
18399,3326.522325,1562.433202,6.617165,3.462382,10.079547
18599,3307.935811,1597.976556,6.671729,3.492766,10.164496
18799,3287.530840,1389.868585,6.853981,3.520839,10.374820
18999,3273.094208,1916.050721,6.909000,3.551200,10.460201
19199,3257.737140,1798.815721,6.978141,3.580360,10.558502
19399,3239.823673,1520.130799,7.031567,3.609780,10.641348
19599,3224.119847,1700.848806,7.082585,3.639094,10.721680
19799,3209.438713,1770.687563,7.132561,3.666584,10.799145
19999,3194.622365,1727.803933,7.363986,3.695929,11.059915
20199,3185.133851,2236.282407,7.419791,3.726345,11.146135
20399,3174.111635,2060.867792,7.479839,3.754342,11.234181
20599,3160.719854,1794.758262,7.531366,3.782441,11.313807
20799,3147.624970,1798.851911,7.589147,3.814752,11.403899
20999,3137.773932,2113.265890,7.645933,3.847151,11.493084
21199,3127.496532,2048.369590,7.697458,3.874948,11.572406
21399,3118.213724,2134.236041,7.761517,3.902724,11.664241
21599,3108.838819,2105.723988,7.817009,3.932879,11.749889
21799,3096.075620,1717.650132,7.866716,3.960283,11.826999
21999,3082.891400,1645.811452,8.080084,3.997271,12.077355
22199,3069.532894,1600.097265,8.131489,4.025840,12.157329
22399,3057.308977,1700.454109,8.198248,4.052777,12.251025
22599,3044.709072,1633.519714,8.249682,4.081282,12.330963
22799,3032.680442,1673.445279,8.304216,4.112333,12.416549
22999,3026.078334,2273.438069,8.370546,4.151082,12.521627
23199,3017.036051,1977.173506,8.595633,4.183496,12.779129
23399,3009.165322,2096.160737,8.660495,4.212427,12.872921
23599,3004.825091,2497.018054,8.714450,4.242472,12.956922
23799,2996.794221,2049.151516,8.773536,4.274530,13.048067
23999,2987.806599,1918.279605,8.827968,4.303586,13.131555
24199,2981.807977,2261.973313,8.888619,4.337224,13.225843
24399,2976.317153,2311.927496,8.955872,4.367174,13.323046
24599,2965.127349,1599.971268,9.004688,4.393770,13.398458
24799,2958.990776,2204.192220,9.069666,4.430467,13.500133
24999,2951.855092,2067.030292,9.127814,4.462410,13.590223
25199,2942.728732,1801.933824,9.188164,4.495507,13.683671
25399,2934.688942,1921.675353,9.256716,4.524420,13.781136
25599,2923.437702,1494.530213,9.316842,4.559879,13.876721
25799,2917.033475,2097.292398,9.391193,4.605683,13.996876
25999,2909.218318,1901.063081,9.499511,4.670059,14.169571
26199,2899.348681,1616.295848,9.554428,4.703740,14.258167
26399,2889.939614,1657.351882,9.630669,4.737813,14.368482
26599,2881.927310,1824.303217,9.696381,4.779832,14.476213
26799,2873.108873,1700.256740,9.761583,4.820615,14.582198
26999,2864.079610,1654.158304,9.828262,4.862018,14.690281
27199,2854.681787,1585.975730,10.091207,4.919492,15.010699
27399,2848.830125,2053.004090,10.169165,4.953424,15.122589
27599,2840.869291,1750.235029,10.224881,4.985475,15.210356
27799,2832.635092,1696.315597,10.279746,5.017668,15.297414
27999,2827.097250,2057.337280,10.353335,5.062899,15.416234
28199,2818.498527,1614.677222,10.541111,5.099715,15.640826
28399,2809.819905,1586.134315,10.617924,5.138132,15.756056
28599,2802.013366,1693.484696,10.697046,5.186217,15.883262
28799,2795.699906,1892.875135,10.760859,5.222408,15.983267
28999,2788.053998,1687.043293,10.831803,5.263349,16.095152
29199,2780.759499,1723.057097,10.913272,5.313398,16.226671
29399,2772.574587,1577.577544,11.007554,5.359020,16.366574
29599,2761.226731,1093.091915,11.071320,5.394814,16.466134
29799,2752.842746,1512.012882,11.139078,5.433504,16.572582
29999,2743.811731,1398.190453,11.206282,5.471574,16.677855
30199,2738.836594,1992.566106,11.274629,5.510104,16.784733
30399,2731.789069,1667.612765,11.354813,5.548076,16.902889
30599,2724.942904,1684.325857,11.418451,5.583960,17.002411
30799,2716.482238,1422.000323,11.481370,5.618772,17.100142
30999,2707.308979,1294.627060,11.549879,5.658135,17.208014
31199,2698.065190,1265.278008,11.615460,5.694082,17.309542
31399,2689.777860,1396.954272,11.690519,5.728687,17.419206
31599,2683.685209,1727.139091,11.760965,5.767756,17.528722
31799,2676.505965,1542.185425,11.826146,5.804423,17.630569
31999,2667.579900,1248.335480,11.897544,5.843953,17.741496
32199,2659.122949,1306.010775,11.957182,5.877451,17.834633
32399,2651.002901,1343.675149,12.039959,5.915010,17.954969
32599,2644.643847,1614.477139,12.098565,5.948161,18.046726
32799,2636.209050,1261.337157,12.159664,5.982337,18.142002
32999,2631.204894,1810.523301,12.218032,6.015160,18.233192
33199,2625.092550,1616.555751,12.281531,6.050082,18.331613
33399,2619.229724,1646.000602,12.364021,6.085210,18.449231
33599,2613.259669,1616.260502,12.430166,6.122808,18.552974
33799,2606.774571,1517.278180,12.491674,6.157978,18.649652
33999,2601.238251,1665.600188,12.557893,6.194960,18.752854
34199,2594.529875,1454.105816,12.625321,6.232047,18.857368
34399,2587.356875,1360.773874,12.707763,6.268591,18.976355
34599,2580.804299,1453.761357,12.919504,6.317663,19.237167
34799,2575.738518,1699.358338,12.978838,6.351803,19.330641
34999,2569.779896,1532.979738,13.056954,6.384351,19.441304
35199,2565.332161,1786.978432,13.109331,6.413658,19.522988
35399,2559.883192,1600.864709,13.252285,6.449782,19.702067
35599,2554.759491,1647.864387,13.308094,6.481215,19.789310
35799,2550.751005,1837.240571,13.368867,6.515877,19.884744
35999,2549.468367,2319.876195,13.445530,6.554198,19.999728
36199,2545.404741,1813.952026,13.511456,6.590451,20.101907
36399,2541.247847,1788.849963,13.589612,6.636098,20.225710
36599,2536.005945,1581.979799,13.680544,6.689015,20.369559
36799,2532.942904,1972.406391,13.779285,6.748654,20.527939
36999,2528.850947,1775.930801,13.866399,6.792760,20.659159
37199,2524.483864,1716.573617,13.941767,6.835611,20.777378
37399,2519.949846,1676.622429,14.003782,6.870676,20.874458
37599,2515.481480,1679.896995,14.071942,6.908984,20.980926
37799,2511.002764,1669.004302,14.130546,6.942421,21.072967
37999,2506.734542,1700.040541,14.205906,6.974857,21.180764
38199,2502.327272,1664.945942,14.279205,7.016943,21.296148
38399,2497.894231,1651.183482,14.339628,7.050464,21.390093
38599,2494.155232,1776.267306,14.402363,7.087274,21.489637
38799,2488.448933,1387.133212,14.464814,7.121802,21.586616
38999,2485.497783,1912.974719,14.544715,7.157132,21.701847
39199,2482.170687,1833.386942,14.600865,7.188022,21.788886
39399,2479.274055,1911.534251,14.669234,7.226948,21.896182
39599,2475.808173,1793.029478,14.728785,7.260598,21.989384
39799,2472.401575,1797.895096,14.791103,7.295716,22.086819
39999,2469.038808,1799.848160,14.865180,7.328571,22.193751
40199,2464.802769,1617.594939,14.921763,7.360533,22.282296
40399,2461.481794,1793.965839,14.979151,7.393238,22.372389
40599,2457.869304,1728.146301,15.039139,7.426215,22.465354
40799,2455.363434,1946.671861,15.097069,7.457422,22.554491
40999,2451.714072,1707.244189,15.167062,7.486677,22.653739
41199,2447.730808,1631.161629,15.222950,7.516608,22.739557
41399,2444.212468,1719.434429,15.275103,7.544841,22.819944
41599,2441.067469,1790.052696,15.329650,7.573950,22.903599
41799,2437.608543,1718.151923,15.386575,7.604534,22.991109
41999,2433.453049,1564.954935,15.457352,7.632876,23.090228
42199,2430.071891,1720.028598,15.517501,7.666503,23.184004
42399,2428.261526,2046.274543,15.574312,7.697089,23.271401
42599,2423.314048,1374.448756,15.629023,7.727416,23.356439
42799,2419.377721,1580.940096,15.684493,7.757609,23.442102
42999,2415.760551,1641.686197,15.758609,7.788276,23.546886
43199,2412.628475,1739.232072,15.810660,7.816639,23.627298
43399,2408.155991,1442.099383,15.863511,7.846575,23.710086
43599,2404.907391,1699.961158,15.918956,7.876872,23.795829
43799,2401.021653,1553.930892,15.970836,7.905055,23.875891
43999,2397.681590,1666.207722,16.041160,7.932647,23.973808
44199,2393.107864,1386.888106,16.093161,7.961727,24.054889
44399,2387.750159,1203.697413,16.144688,7.989573,24.134261
44599,2384.206491,1597.512200,16.196443,8.018009,24.214452
44799,2381.124113,1693.753878,16.253738,8.049635,24.303372
44999,2376.821964,1413.140590,16.326847,8.079859,24.406706
45199,2373.810535,1696.238923,16.379772,8.108400,24.488172
45399,2370.181565,1550.034444,16.431685,8.136705,24.568390
45599,2367.569761,1774.690166,16.486548,8.165805,24.652353
45799,2363.760162,1495.171640,16.540343,8.194905,24.735248
45999,2361.431890,1828.257616,16.616396,8.227939,24.844334
46199,2357.454638,1442.686688,16.669804,8.256909,24.926713
46399,2353.385158,1413.335194,16.721445,8.285019,25.006464
46599,2349.987408,1561.709430,16.779457,8.316681,25.096138
46799,2346.414987,1514.040885,16.838152,8.349220,25.187371
46999,2342.703258,1474.158696,16.912599,8.380577,25.293176
47199,2340.620593,1851.194315,16.973731,8.414167,25.387898
47399,2337.348722,1565.187253,17.025675,8.442429,25.468105
47599,2334.059461,1554.504521,17.080941,8.472478,25.553420
47799,2332.217571,1893.847672,17.300573,8.504895,25.805467
47999,2328.917890,1540.294286,17.365970,8.534540,25.900511
48199,2325.066654,1400.769979,17.418937,8.563961,25.982899
48399,2320.333705,1179.692977,17.478954,8.596997,26.075951
48599,2315.868514,1235.292308,17.527625,8.623662,26.151287
48799,2313.974246,1853.667113,17.580189,8.651657,26.231846
48999,2311.022292,1590.745569,17.648966,8.682311,26.331277
49199,2309.259894,1877.472220,17.701089,8.710922,26.412011
49399,2306.088949,1526.036574,17.757135,8.741943,26.499078
49599,2304.099757,1812.769210,17.817529,8.774589,26.592118
49799,2300.535504,1416.600806,17.872960,8.804521,26.677481
49999,2296.792288,1364.731555,17.952423,8.841457,26.793879
50199,2399.398337,28050.910623,18.117123,8.873026,26.990149
50399,2450.934826,15386.593591,18.408453,8.915776,27.324228
50599,2502.566567,15513.765368,18.569175,8.956131,27.525307
50799,2575.350482,20989.680905,18.680980,8.998429,27.679409
50999,2629.893690,16483.868434,18.799525,9.034638,27.834163
51199,2695.338668,19383.808076,18.868531,9.069451,27.937982
51399,2742.835932,14902.135619,19.021390,9.108054,28.129444
51599,2789.460985,14772.099627,19.144551,9.138316,28.282867
51799,2830.336854,13376.310924,19.215513,9.172518,28.388031
51999,2862.970488,11315.081728,19.276620,9.207961,28.484581
52199,2895.289534,11298.241567,19.331220,9.238972,28.570192
52399,2929.563752,11875.134679,19.407619,9.274583,28.682202
52599,2962.385433,11561.665858,19.472752,9.311544,28.784296
52799,2999.821310,12845.456976,19.535661,9.347756,28.883418
52999,3031.360150,11357.613685,19.595969,9.383293,28.979261
53199,3065.774460,12185.566781,19.654118,9.416934,29.071052
53399,3097.151570,11443.462750,19.746764,9.460235,29.206999
53599,3126.885888,11065.948911,19.797931,9.488889,29.286820
53799,3164.154096,13152.033695,19.865286,9.527046,29.392332
53999,3191.159961,10455.737612,19.928859,9.564268,29.493127
54199,3218.414565,10577.157731,19.994557,9.601026,29.595583
54399,3239.854762,9050.148267,20.076768,9.639485,29.716252
54599,3273.141726,12327.195870,20.140371,9.676343,29.816714
54799,3303.294349,11534.960369,20.203825,9.713395,29.917220
54999,3334.392968,11855.414584,20.269591,9.750562,30.020152
55199,3359.089255,10150.568191,20.332747,9.786348,30.119095
55399,3387.744690,11296.644715,20.409215,9.819668,30.228883
55599,3415.276688,11041.640189,20.471535,9.855199,30.326735
55799,3449.240658,12891.224224,20.528612,9.887943,30.416555
55999,3476.482154,11076.859689,20.591275,9.922320,30.513595
56199,3504.106293,11238.865111,20.654030,9.956429,30.610459
56399,3527.691908,10155.249789,20.736581,9.991992,30.728573
56599,3551.587530,10290.152903,20.791083,10.023365,30.814448
56799,3571.633193,9244.555800,20.859559,10.062275,30.921834
56999,3598.680125,11280.008879,20.923322,10.101405,31.024727
57199,3618.861063,9370.428392,20.982087,10.134043,31.116131
57399,3637.603321,8997.889022,21.065024,10.171008,31.236032
57599,3657.848279,9468.151334,21.221114,10.204426,31.425539
57799,3671.806733,7691.841523,21.297160,10.242867,31.540027
57999,3689.100005,8686.855533,21.358151,10.277843,31.635994
58199,3709.049446,9494.387351,21.413176,10.307921,31.721097
58399,3724.271572,8153.910090,21.481865,10.342292,31.824156
58599,3740.559715,8496.697536,21.539808,10.374616,31.914424
58799,3756.506238,8428.837431,21.599490,10.408584,32.008074
58999,3774.396659,9034.180510,21.655068,10.439146,32.094215
59199,3787.881866,7766.017796,21.719859,10.474959,32.194818
59399,3808.944677,10043.536971,21.789149,10.507312,32.296461
59599,3828.091038,9514.560130,21.849122,10.540503,32.389624
59799,3842.464498,8125.755729,21.908194,10.573826,32.482020
59999,3858.643786,8696.250667,21.970425,10.607541,32.577966
60199,3878.295017,9773.664440,22.031538,10.640368,32.671905
60399,3897.080881,9551.625820,22.105200,10.673571,32.778770
60599,3909.107584,7541.172085,22.171134,10.711163,32.882297
60799,3919.733446,7139.369525,22.242800,10.751558,32.994359
60999,3933.062805,7985.188007,22.318728,10.794037,33.112765
61199,3947.846006,8456.722354,22.393136,10.837888,33.231024
61399,3958.707410,7282.296934,22.460270,10.867559,33.327830
61599,3975.219061,9044.295765,22.518807,10.900995,33.419802
61799,3985.108810,7031.151567,22.574354,10.931715,33.506069
61999,3996.120750,7398.810259,22.634965,10.964749,33.599715
62199,4007.400106,7504.000425,22.687199,10.993838,33.681037
62399,4016.213571,6757.201357,22.760530,11.025228,33.785757
62599,4034.496105,9738.646581,22.820631,11.059201,33.879832
62799,4047.095267,7990.632967,22.911226,11.121673,34.032899
62999,4056.399625,6977.968028,22.984369,11.171315,34.155684
63199,4068.514064,7884.562492,23.041612,11.203085,34.244697
63399,4083.466712,8808.503234,23.295399,11.235794,34.531193
63599,4095.552778,7926.835762,23.349569,11.265999,34.615568
63799,4108.375476,8185.993546,23.407520,11.298509,34.706029
63999,4120.713766,8056.628194,23.467890,11.332538,34.800427
64199,4129.227089,6853.490392,23.522416,11.362175,34.884591
64399,4143.683352,8784.144032,23.598765,11.392058,34.990823
64599,4158.244562,8846.954109,23.655562,11.423782,35.079344
64799,4169.412966,7776.807313,23.712787,11.456047,35.168834
64999,4180.812994,7874.422143,23.769041,11.487010,35.256052
65199,4192.079393,7853.658962,23.824856,11.517446,35.342303
65399,4200.922458,7083.761607,23.992210,11.553925,35.546135
65599,4208.320855,6627.596795,24.050293,11.586185,35.636478
65799,4212.279125,5510.591731,24.111614,11.620518,35.732131
65999,4215.404329,5243.596570,24.171824,11.653590,35.825414
66199,4219.999625,5736.447190,24.232294,11.686798,35.919092
66399,4221.097712,4584.564449,24.306556,11.721019,36.027575
66599,4223.765294,5109.402654,24.370474,11.755994,36.126468
66799,4231.546469,6822.677591,24.435811,11.792767,36.228578
66999,4238.674115,6619.308012,24.503117,11.830330,36.333447
67199,4243.698060,5926.719708,24.729926,11.871093,36.601019
67399,4245.060566,4702.862264,24.828862,11.914754,36.743616
67599,4250.733532,6162.523157,24.895945,11.955418,36.851363
67799,4253.743467,5271.101716,24.960758,11.991647,36.952405
67999,4259.787520,6308.721428,25.024336,12.026749,37.051085
68199,4262.475806,5176.493094,25.266491,12.061038,37.327528
68399,4272.884449,7822.231512,25.330660,12.096937,37.427596
68599,4278.340023,6144.146483,25.405431,12.132654,37.538085
68799,4287.124604,7300.235819,25.493633,12.188524,37.682158
68999,4297.907456,8007.208466,25.555208,12.225750,37.780958
69199,4304.339367,6523.348867,25.607840,12.254094,37.861934
69399,4310.101961,6303.959216,25.685043,12.305053,37.990096