# TEST CONFIGURATION BEGIN
# ConceptDriftStream(alpha=0.0, drift_stream=RegressionGenerator(n_features=10, n_informative=10, n_samples=500000, n_targets=1, random_state=4), position=375000.0, random_state=None, stream=ConceptDriftStream(alpha=0.0, drift_stream=RegressionGenerator(n_features=10, n_informative=10, n_samples=500000, n_targets=1, random_state=3), position=250000.0, random_state=None, stream=ConceptDriftStream(alpha=0.0, drift_stream=RegressionGenerator(n_features=10, n_informative=10, n_samples=500000, n_targets=1, random_state=2), position=125000.0, random_state=None, stream=RegressionGenerator(n_features=10, n_informative=10, n_samples=500000, n_targets=1, random_state=1), width=10000.0), width=10000.0), width=10000.0)
# [D+RESET] AdaptiveSemiRegressorJr(detect_drift=True, learning_rate=0.3, max_buffer=None, max_depth=6, max_window_size=1000, min_window_size=1, pre_train=None, ratio_unsampled=None, small_window_size=None, unic='N')
# [RESET] AdaptiveSemiRegressorJULIA(learning_rate=0.3, max_buffer=None, max_depth=6, max_window_size=1000, min_window_size=1, pre_train=None, ratio_unsampled=None, small_window_size=None)
# [D] AdaptiveSemiRegressorJ(detect_drift=True, learning_rate=0.3, max_buffer=None, max_depth=6, max_window_size=1000, min_window_size=1, pre_train=None, ratio_unsampled=None, small_window_size=None, unic='N')
# [D_SEM_RESET] AdaptiveSemiRegressorJS(learning_rate=0.3, max_buffer=None, max_depth=6, max_window_size=1000, min_window_size=1, pre_train=None, ratio_unsampled=None, small_window_size=None)
# [HTR] HoeffdingTreeRegressor(binary_split=False, grace_period=200, leaf_prediction='perceptron', learning_ratio_const=True, learning_ratio_decay=0.001, learning_ratio_perceptron=0.02, max_byte_size=33554432, memory_estimate_period=1000000, nb_threshold=0, no_preprune=False, nominal_attributes=None, random_state=None, remove_poor_atts=False, split_confidence=1e-07, stop_mem_management=False, tie_threshold=0.05)
# [KNN] KNNRegressor(aggregation_method='mean', leaf_size=30, max_window_size=1000, metric='euclidean', n_neighbors=5)
# [HTRA] HoeffdingAdaptiveTreeRegressor(binary_split=False, grace_period=200, leaf_prediction='perceptron', learning_ratio_const=True, learning_ratio_decay=0.001, learning_ratio_perceptron=0.02, max_byte_size=33554432, memory_estimate_period=1000000, no_preprune=False, nominal_attributes=None, random_state=None, remove_poor_atts=False, split_confidence=1e-07, stop_mem_management=False, tie_threshold=0.05)
# [AdaptiveRandomForestRegressor(aggregation_method='median', binary_split=False,
                              drift_detection_criteria='mse',
                              drift_detection_method=ADWIN(delta=0.001),
                              grace_period=50, lambda_value=6,
                              leaf_prediction='perceptron',
                              learning_ratio_const=True,
                              learning_ratio_decay=0.001,
                              learning_ratio_perceptron=0.1,
                              max_byte_size=1048576000, max_features='auto',
                              memory_estimate_period=2000000, n_estimators=10,
                              no_preprune=False, nominal_attributes=None,
                              random_state=None, remove_poor_atts=False,
                              split_confidence=0.01, stop_mem_management=False,
                              tie_threshold=0.05,
                              warning_detection_method=ADWIN(delta=0.01),
                              weighted_vote_strategy=None)] AdaptiveRandomForestRegressor(aggregation_method='median', binary_split=False, drift_detection_criteria='mse', drift_detection_method=ADWIN(delta=0.001), grace_period=50, lambda_value=6, leaf_prediction='perceptron', learning_ratio_const=True, learning_ratio_decay=0.001, learning_ratio_perceptron=0.1, max_byte_size=1048576000, max_features='auto', memory_estimate_period=2000000, n_estimators=10, no_preprune=False, nominal_attributes=None, random_state=None, remove_poor_atts=False, split_confidence=0.01, stop_mem_management=False, tie_threshold=0.05, warning_detection_method=ADWIN(delta=0.01), weighted_vote_strategy=None)
# EvaluatePrequential(batch_size=1, data_points_for_classification=False, max_samples=500000, max_time=inf, metrics=['mean_square_error', 'running_time'], n_wait=200, output_file='exec_ALL_gradual2.out', pretrain_size=0, restart_stream=True, show_plot=False)
# TEST CONFIGURATION END
id,mean_mse_[D+RESET],current_mse_[D+RESET],mean_mse_[RESET],current_mse_[RESET],mean_mse_[D],current_mse_[D],mean_mse_[D_SEM_RESET],current_mse_[D_SEM_RESET],mean_mse_[HTR],current_mse_[HTR],mean_mse_[KNN],current_mse_[KNN],mean_mse_[HTRA],current_mse_[HTRA],mean_mse_[AdaptiveRandomForestRegressor(aggregation_method='median', binary_split=False,
                              drift_detection_criteria='mse',
                              drift_detection_method=ADWIN(delta=0.001),
                              grace_period=50, lambda_value=6,
                              leaf_prediction='perceptron',
                              learning_ratio_const=True,
                              learning_ratio_decay=0.001,
                              learning_ratio_perceptron=0.1,
                              max_byte_size=1048576000, max_features='auto',
                              memory_estimate_period=2000000, n_estimators=10,
                              no_preprune=False, nominal_attributes=None,
                              random_state=None, remove_poor_atts=False,
                              split_confidence=0.01, stop_mem_management=False,
                              tie_threshold=0.05,
                              warning_detection_method=ADWIN(delta=0.01),
                              weighted_vote_strategy=None)],current_mse_[AdaptiveRandomForestRegressor(aggregation_method='median', binary_split=False,
                              drift_detection_criteria='mse',
                              drift_detection_method=ADWIN(delta=0.001),
                              grace_period=50, lambda_value=6,
                              leaf_prediction='perceptron',
                              learning_ratio_const=True,
                              learning_ratio_decay=0.001,
                              learning_ratio_perceptron=0.1,
                              max_byte_size=1048576000, max_features='auto',
                              memory_estimate_period=2000000, n_estimators=10,
                              no_preprune=False, nominal_attributes=None,
                              random_state=None, remove_poor_atts=False,
                              split_confidence=0.01, stop_mem_management=False,
                              tie_threshold=0.05,
                              warning_detection_method=ADWIN(delta=0.01),
                              weighted_vote_strategy=None)],training_time_[D+RESET],testing_time_[D+RESET],total_running_time_[D+RESET],training_time_[RESET],testing_time_[RESET],total_running_time_[RESET],training_time_[D],testing_time_[D],total_running_time_[D],training_time_[D_SEM_RESET],testing_time_[D_SEM_RESET],total_running_time_[D_SEM_RESET],training_time_[HTR],testing_time_[HTR],total_running_time_[HTR],training_time_[KNN],testing_time_[KNN],total_running_time_[KNN],training_time_[HTRA],testing_time_[HTRA],total_running_time_[HTRA],training_time_[AdaptiveRandomForestRegressor(aggregation_method='median', binary_split=False,
                              drift_detection_criteria='mse',
                              drift_detection_method=ADWIN(delta=0.001),
                              grace_period=50, lambda_value=6,
                              leaf_prediction='perceptron',
                              learning_ratio_const=True,
                              learning_ratio_decay=0.001,
                              learning_ratio_perceptron=0.1,
                              max_byte_size=1048576000, max_features='auto',
                              memory_estimate_period=2000000, n_estimators=10,
                              no_preprune=False, nominal_attributes=None,
                              random_state=None, remove_poor_atts=False,
                              split_confidence=0.01, stop_mem_management=False,
                              tie_threshold=0.05,
                              warning_detection_method=ADWIN(delta=0.01),
                              weighted_vote_strategy=None)],testing_time_[AdaptiveRandomForestRegressor(aggregation_method='median', binary_split=False,
                              drift_detection_criteria='mse',
                              drift_detection_method=ADWIN(delta=0.001),
                              grace_period=50, lambda_value=6,
                              leaf_prediction='perceptron',
                              learning_ratio_const=True,
                              learning_ratio_decay=0.001,
                              learning_ratio_perceptron=0.1,
                              max_byte_size=1048576000, max_features='auto',
                              memory_estimate_period=2000000, n_estimators=10,
                              no_preprune=False, nominal_attributes=None,
                              random_state=None, remove_poor_atts=False,
                              split_confidence=0.01, stop_mem_management=False,
                              tie_threshold=0.05,
                              warning_detection_method=ADWIN(delta=0.01),
                              weighted_vote_strategy=None)],total_running_time_[AdaptiveRandomForestRegressor(aggregation_method='median', binary_split=False,
                              drift_detection_criteria='mse',
                              drift_detection_method=ADWIN(delta=0.001),
                              grace_period=50, lambda_value=6,
                              leaf_prediction='perceptron',
                              learning_ratio_const=True,
                              learning_ratio_decay=0.001,
                              learning_ratio_perceptron=0.1,
                              max_byte_size=1048576000, max_features='auto',
                              memory_estimate_period=2000000, n_estimators=10,
                              no_preprune=False, nominal_attributes=None,
                              random_state=None, remove_poor_atts=False,
                              split_confidence=0.01, stop_mem_management=False,
                              tie_threshold=0.05,
                              warning_detection_method=ADWIN(delta=0.01),
                              weighted_vote_strategy=None)]